This is pdfTeX, Version 3.14159265-2.6-1.40.19 (TeX Live 2018) (preloaded format=pdflatex 2018.4.16)  20 FEB 2019 16:39
entering extended mode
 restricted \write18 enabled.
 %&-line parsing enabled.
**pg1_303039534.tex
(./pg1_303039534.tex
LaTeX2e <2018-04-01> patch level 2
Babel <3.18> and hyphenation patterns for 84 language(s) loaded.
(/usr/local/texlive/2018/texmf-dist/tex/latex/base/article.cls
Document Class: article 2014/09/29 v1.4h Standard LaTeX document class
(/usr/local/texlive/2018/texmf-dist/tex/latex/base/size10.clo
File: size10.clo 2014/09/29 v1.4h Standard LaTeX file (size option)
)
\c@part=\count80
\c@section=\count81
\c@subsection=\count82
\c@subsubsection=\count83
\c@paragraph=\count84
\c@subparagraph=\count85
\c@figure=\count86
\c@table=\count87
\abovecaptionskip=\skip41
\belowcaptionskip=\skip42
\bibindent=\dimen102
)
(/usr/local/texlive/2018/texmf-dist/tex/latex/geometry/geometry.sty
Package: geometry 2018/03/24 v5.7 Page Geometry

(/usr/local/texlive/2018/texmf-dist/tex/latex/graphics/keyval.sty
Package: keyval 2014/10/28 v1.15 key=value parser (DPC)
\KV@toks@=\toks14
)
(/usr/local/texlive/2018/texmf-dist/tex/generic/oberdiek/ifpdf.sty
Package: ifpdf 2017/03/15 v3.2 Provides the ifpdf switch
)
(/usr/local/texlive/2018/texmf-dist/tex/generic/oberdiek/ifvtex.sty
Package: ifvtex 2016/05/16 v1.6 Detect VTeX and its facilities (HO)
Package ifvtex Info: VTeX not detected.
)
(/usr/local/texlive/2018/texmf-dist/tex/generic/ifxetex/ifxetex.sty
Package: ifxetex 2010/09/12 v0.6 Provides ifxetex conditional
)
\Gm@cnth=\count88
\Gm@cntv=\count89
\c@Gm@tempcnt=\count90
\Gm@bindingoffset=\dimen103
\Gm@wd@mp=\dimen104
\Gm@odd@mp=\dimen105
\Gm@even@mp=\dimen106
\Gm@layoutwidth=\dimen107
\Gm@layoutheight=\dimen108
\Gm@layouthoffset=\dimen109
\Gm@layoutvoffset=\dimen110
\Gm@dimlist=\toks15
)
(/usr/local/texlive/2018/texmf-dist/tex/latex/parskip/parskip.sty
Package: parskip 2001/04/09 non-zero parskip adjustments
)
(/usr/local/texlive/2018/texmf-dist/tex/latex/base/inputenc.sty
Package: inputenc 2018/04/06 v1.3b Input encoding file
\inpenc@prehook=\toks16
\inpenc@posthook=\toks17
)
(/usr/local/texlive/2018/texmf-dist/tex/latex/amsmath/amsmath.sty
Package: amsmath 2017/09/02 v2.17a AMS math features
\@mathmargin=\skip43

For additional information on amsmath, use the `?' option.
(/usr/local/texlive/2018/texmf-dist/tex/latex/amsmath/amstext.sty
Package: amstext 2000/06/29 v2.01 AMS text

(/usr/local/texlive/2018/texmf-dist/tex/latex/amsmath/amsgen.sty
File: amsgen.sty 1999/11/30 v2.0 generic functions
\@emptytoks=\toks18
\ex@=\dimen111
))
(/usr/local/texlive/2018/texmf-dist/tex/latex/amsmath/amsbsy.sty
Package: amsbsy 1999/11/29 v1.2d Bold Symbols
\pmbraise@=\dimen112
)
(/usr/local/texlive/2018/texmf-dist/tex/latex/amsmath/amsopn.sty
Package: amsopn 2016/03/08 v2.02 operator names
)
\inf@bad=\count91
LaTeX Info: Redefining \frac on input line 213.
\uproot@=\count92
\leftroot@=\count93
LaTeX Info: Redefining \overline on input line 375.
\classnum@=\count94
\DOTSCASE@=\count95
LaTeX Info: Redefining \ldots on input line 472.
LaTeX Info: Redefining \dots on input line 475.
LaTeX Info: Redefining \cdots on input line 596.
\Mathstrutbox@=\box26
\strutbox@=\box27
\big@size=\dimen113
LaTeX Font Info:    Redeclaring font encoding OML on input line 712.
LaTeX Font Info:    Redeclaring font encoding OMS on input line 713.
\macc@depth=\count96
\c@MaxMatrixCols=\count97
\dotsspace@=\muskip10
\c@parentequation=\count98
\dspbrk@lvl=\count99
\tag@help=\toks19
\row@=\count100
\column@=\count101
\maxfields@=\count102
\andhelp@=\toks20
\eqnshift@=\dimen114
\alignsep@=\dimen115
\tagshift@=\dimen116
\tagwidth@=\dimen117
\totwidth@=\dimen118
\lineht@=\dimen119
\@envbody=\toks21
\multlinegap=\skip44
\multlinetaggap=\skip45
\mathdisplay@stack=\toks22
LaTeX Info: Redefining \[ on input line 2817.
LaTeX Info: Redefining \] on input line 2818.
)
(/usr/local/texlive/2018/texmf-dist/tex/latex/amsfonts/amssymb.sty
Package: amssymb 2013/01/14 v3.01 AMS font symbols

(/usr/local/texlive/2018/texmf-dist/tex/latex/amsfonts/amsfonts.sty
Package: amsfonts 2013/01/14 v3.01 Basic AMSFonts support
\symAMSa=\mathgroup4
\symAMSb=\mathgroup5
LaTeX Font Info:    Overwriting math alphabet `\mathfrak' in version `bold'
(Font)                  U/euf/m/n --> U/euf/b/n on input line 106.
))
(/usr/local/texlive/2018/texmf-dist/tex/latex/amscls/amsthm.sty
Package: amsthm 2017/10/31 v2.20.4
\thm@style=\toks23
\thm@bodyfont=\toks24
\thm@headfont=\toks25
\thm@notefont=\toks26
\thm@headpunct=\toks27
\thm@preskip=\skip46
\thm@postskip=\skip47
\thm@headsep=\skip48
\dth@everypar=\toks28
)
(/usr/local/texlive/2018/texmf-dist/tex/latex/graphics/graphicx.sty
Package: graphicx 2017/06/01 v1.1a Enhanced LaTeX Graphics (DPC,SPQR)

(/usr/local/texlive/2018/texmf-dist/tex/latex/graphics/graphics.sty
Package: graphics 2017/06/25 v1.2c Standard LaTeX Graphics (DPC,SPQR)

(/usr/local/texlive/2018/texmf-dist/tex/latex/graphics/trig.sty
Package: trig 2016/01/03 v1.10 sin cos tan (DPC)
)
(/usr/local/texlive/2018/texmf-dist/tex/latex/graphics-cfg/graphics.cfg
File: graphics.cfg 2016/06/04 v1.11 sample graphics configuration
)
Package graphics Info: Driver file: pdftex.def on input line 99.

(/usr/local/texlive/2018/texmf-dist/tex/latex/graphics-def/pdftex.def
File: pdftex.def 2018/01/08 v1.0l Graphics/color driver for pdftex
))
\Gin@req@height=\dimen120
\Gin@req@width=\dimen121
)
(/usr/local/texlive/2018/texmf-dist/tex/latex/caption/caption.sty
Package: caption 2016/02/21 v3.3-144 Customizing captions (AR)

(/usr/local/texlive/2018/texmf-dist/tex/latex/caption/caption3.sty
Package: caption3 2016/05/22 v1.7-166 caption3 kernel (AR)
Package caption3 Info: TeX engine: e-TeX on input line 67.
\captionmargin=\dimen122
\captionmargin@=\dimen123
\captionwidth=\dimen124
\caption@tempdima=\dimen125
\caption@indent=\dimen126
\caption@parindent=\dimen127
\caption@hangindent=\dimen128
)
\c@ContinuedFloat=\count103
)
(/usr/local/texlive/2018/texmf-dist/tex/latex/caption/subcaption.sty
Package: subcaption 2016/05/22 v1.1-161 Sub-captions (AR)
\c@subfigure=\count104
\c@subtable=\count105
)
(/usr/local/texlive/2018/texmf-dist/tex/latex/listings/listings.sty
\lst@mode=\count106
\lst@gtempboxa=\box28
\lst@token=\toks29
\lst@length=\count107
\lst@currlwidth=\dimen129
\lst@column=\count108
\lst@pos=\count109
\lst@lostspace=\dimen130
\lst@width=\dimen131
\lst@newlines=\count110
\lst@lineno=\count111
\lst@maxwidth=\dimen132

(/usr/local/texlive/2018/texmf-dist/tex/latex/listings/lstmisc.sty
File: lstmisc.sty 2015/06/04 1.6 (Carsten Heinz)
\c@lstnumber=\count112
\lst@skipnumbers=\count113
\lst@framebox=\box29
)
(/usr/local/texlive/2018/texmf-dist/tex/latex/listings/listings.cfg
File: listings.cfg 2015/06/04 1.6 listings configuration
))
Package: listings 2015/06/04 1.6 (Carsten Heinz)

(/usr/local/texlive/2018/texmf-dist/tex/latex/titling/titling.sty
Package: titling 2009/09/04 v2.1d maketitle typesetting
\thanksmarkwidth=\skip49
\thanksmargin=\skip50
\droptitle=\skip51
)
(/usr/local/texlive/2018/texmf-dist/tex/latex/titlesec/titlesec.sty
Package: titlesec 2016/03/21 v2.10.2 Sectioning titles
\ttl@box=\box30
\beforetitleunit=\skip52
\aftertitleunit=\skip53
\ttl@plus=\dimen133
\ttl@minus=\dimen134
\ttl@toksa=\toks30
\titlewidth=\dimen135
\titlewidthlast=\dimen136
\titlewidthfirst=\dimen137
)
(./pg1_303039534.aux

LaTeX Warning: Label `fig:fsurf' multiply defined.


LaTeX Warning: Label `sub@fig:fsurf' multiply defined.


LaTeX Warning: Label `tab:fitness' multiply defined.

)
\openout1 = `pg1_303039534.aux'.

LaTeX Font Info:    Checking defaults for OML/cmm/m/it on input line 41.
LaTeX Font Info:    ... okay on input line 41.
LaTeX Font Info:    Checking defaults for T1/cmr/m/n on input line 41.
LaTeX Font Info:    ... okay on input line 41.
LaTeX Font Info:    Checking defaults for OT1/cmr/m/n on input line 41.
LaTeX Font Info:    ... okay on input line 41.
LaTeX Font Info:    Checking defaults for OMS/cmsy/m/n on input line 41.
LaTeX Font Info:    ... okay on input line 41.
LaTeX Font Info:    Checking defaults for OMX/cmex/m/n on input line 41.
LaTeX Font Info:    ... okay on input line 41.
LaTeX Font Info:    Checking defaults for U/cmr/m/n on input line 41.
LaTeX Font Info:    ... okay on input line 41.

*geometry* driver: auto-detecting
*geometry* detected driver: pdftex
*geometry* verbose mode - [ preamble ] result:
* driver: pdftex
* paper: <default>
* layout: <same size as paper>
* layoutoffset:(h,v)=(0.0pt,0.0pt)
* modes: 
* h-part:(L,W,R)=(50.58878pt, 513.11745pt, 50.58878pt)
* v-part:(T,H,B)=(50.58878pt, 693.79243pt, 50.58878pt)
* \paperwidth=614.295pt
* \paperheight=794.96999pt
* \textwidth=513.11745pt
* \textheight=693.79243pt
* \oddsidemargin=-21.68121pt
* \evensidemargin=-21.68121pt
* \topmargin=-58.68121pt
* \headheight=12.0pt
* \headsep=25.0pt
* \topskip=10.0pt
* \footskip=30.0pt
* \marginparwidth=65.0pt
* \marginparsep=11.0pt
* \columnsep=10.0pt
* \skip\footins=9.0pt plus 4.0pt minus 2.0pt
* \hoffset=0.0pt
* \voffset=0.0pt
* \mag=1000
* \@twocolumnfalse
* \@twosidefalse
* \@mparswitchfalse
* \@reversemarginfalse
* (1in=72.27pt=25.4mm, 1cm=28.453pt)

(/usr/local/texlive/2018/texmf-dist/tex/context/base/mkii/supp-pdf.mkii
[Loading MPS to PDF converter (version 2006.09.02).]
\scratchcounter=\count114
\scratchdimen=\dimen138
\scratchbox=\box31
\nofMPsegments=\count115
\nofMParguments=\count116
\everyMPshowfont=\toks31
\MPscratchCnt=\count117
\MPscratchDim=\dimen139
\MPnumerator=\count118
\makeMPintoPDFobject=\count119
\everyMPtoPDFconversion=\toks32
) (/usr/local/texlive/2018/texmf-dist/tex/latex/oberdiek/epstopdf-base.sty
Package: epstopdf-base 2016/05/15 v2.6 Base part for package epstopdf

(/usr/local/texlive/2018/texmf-dist/tex/generic/oberdiek/infwarerr.sty
Package: infwarerr 2016/05/16 v1.4 Providing info/warning/error messages (HO)
)
(/usr/local/texlive/2018/texmf-dist/tex/latex/oberdiek/grfext.sty
Package: grfext 2016/05/16 v1.2 Manage graphics extensions (HO)

(/usr/local/texlive/2018/texmf-dist/tex/generic/oberdiek/kvdefinekeys.sty
Package: kvdefinekeys 2016/05/16 v1.4 Define keys (HO)

(/usr/local/texlive/2018/texmf-dist/tex/generic/oberdiek/ltxcmds.sty
Package: ltxcmds 2016/05/16 v1.23 LaTeX kernel commands for general use (HO)
)))
(/usr/local/texlive/2018/texmf-dist/tex/latex/oberdiek/kvoptions.sty
Package: kvoptions 2016/05/16 v3.12 Key value format for package options (HO)

(/usr/local/texlive/2018/texmf-dist/tex/generic/oberdiek/kvsetkeys.sty
Package: kvsetkeys 2016/05/16 v1.17 Key value parser (HO)

(/usr/local/texlive/2018/texmf-dist/tex/generic/oberdiek/etexcmds.sty
Package: etexcmds 2016/05/16 v1.6 Avoid name clashes with e-TeX commands (HO)

(/usr/local/texlive/2018/texmf-dist/tex/generic/oberdiek/ifluatex.sty
Package: ifluatex 2016/05/16 v1.4 Provides the ifluatex switch (HO)
Package ifluatex Info: LuaTeX not detected.
)
Package etexcmds Info: Could not find \expanded.
(etexcmds)             That can mean that you are not using pdfTeX 1.50 or
(etexcmds)             that some package has redefined \expanded.
(etexcmds)             In the latter case, load this package earlier.
)))
(/usr/local/texlive/2018/texmf-dist/tex/generic/oberdiek/pdftexcmds.sty
Package: pdftexcmds 2018/01/30 v0.27 Utility functions of pdfTeX for LuaTeX (HO
)
Package pdftexcmds Info: LuaTeX not detected.
Package pdftexcmds Info: \pdf@primitive is available.
Package pdftexcmds Info: \pdf@ifprimitive is available.
Package pdftexcmds Info: \pdfdraftmode found.
)
Package epstopdf-base Info: Redefining graphics rule for `.eps' on input line 4
38.
Package grfext Info: Graphics extension search list:
(grfext)             [.pdf,.png,.jpg,.mps,.jpeg,.jbig2,.jb2,.PDF,.PNG,.JPG,.JPE
G,.JBIG2,.JB2,.eps]
(grfext)             \AppendGraphicsExtensions on input line 456.

(/usr/local/texlive/2018/texmf-dist/tex/latex/latexconfig/epstopdf-sys.cfg
File: epstopdf-sys.cfg 2010/07/13 v1.3 Configuration of (r)epstopdf for TeX Liv
e
))
Package caption Info: Begin \AtBeginDocument code.
Package caption Info: listings package is loaded.
Package caption Info: End \AtBeginDocument code.
\c@lstlisting=\count120

Underfull \hbox (badness 10000) in paragraph at lines 51--52

 []

LaTeX Font Info:    Try loading font information for U+msa on input line 60.
(/usr/local/texlive/2018/texmf-dist/tex/latex/amsfonts/umsa.fd
File: umsa.fd 2013/01/14 v3.01 AMS symbols A
)
LaTeX Font Info:    Try loading font information for U+msb on input line 60.

(/usr/local/texlive/2018/texmf-dist/tex/latex/amsfonts/umsb.fd
File: umsb.fd 2013/01/14 v3.01 AMS symbols B
)
Underfull \hbox (badness 10000) in paragraph at lines 113--116

 []

[1

{/usr/local/texlive/2018/texmf-var/fonts/map/pdftex/updmap/pdftex.map}]
Overfull \hbox (0.19603pt too wide) detected at line 125
\OML/cmm/m/it/10 F[] \OT1/cmr/m/n/10 = \OML/cmm/m/it/10 p[] \OMS/cmsy/m/n/10 ^^
C \OT1/cmr/m/n/10 (\OML/cmm/m/it/10 f\OT1/cmr/m/n/10 (\OML/cmm/m/it/10 AA\OT1/c
mr/m/n/10 ) \OMS/cmsy/m/n/10 ^^C \OML/cmm/m/it/10 F[]\OT1/cmr/m/n/10 (\OML/cmm/
m/it/10 AA\OT1/cmr/m/n/10 ) + \OML/cmm/m/it/10 f\OT1/cmr/m/n/10 (\OML/cmm/m/it/
10 Aa\OT1/cmr/m/n/10 ) \OMS/cmsy/m/n/10 ^^C \OML/cmm/m/it/10 F[]\OT1/cmr/m/n/10
 (\OML/cmm/m/it/10 Aa\OT1/cmr/m/n/10 ) + \OML/cmm/m/it/10 f\OT1/cmr/m/n/10 (\OM
L/cmm/m/it/10 aa\OT1/cmr/m/n/10 ) \OMS/cmsy/m/n/10 ^^C \OML/cmm/m/it/10 F[]\OT1
/cmr/m/n/10 (\OML/cmm/m/it/10 aa\OT1/cmr/m/n/10 )) + (1 \OMS/cmsy/m/n/10 ^^@ \O
ML/cmm/m/it/10 p[]\OT1/cmr/m/n/10 ) \OMS/cmsy/m/n/10 ^^C \OT1/cmr/m/n/10 (\OML/
cmm/m/it/10 f\OT1/cmr/m/n/10 (\OML/cmm/m/it/10 AA\OT1/cmr/m/n/10 ) \OMS/cmsy/m/
n/10 ^^C \OML/cmm/m/it/10 F[]\OT1/cmr/m/n/10 (\OML/cmm/m/it/10 AA\OT1/cmr/m/n/1
0 ) + \OML/cmm/m/it/10 f\OT1/cmr/m/n/10 (\OML/cmm/m/it/10 Aa\OT1/cmr/m/n/10 ) \
OMS/cmsy/m/n/10 ^^C \OML/cmm/m/it/10 F[]\OT1/cmr/m/n/10 (\OML/cmm/m/it/10 Aa\OT
1/cmr/m/n/10 ) + \OML/cmm/m/it/10 f\OT1/cmr/m/n/10 (\OML/cmm/m/it/10 aa\OT1/cmr
/m/n/10 ) \OMS/cmsy/m/n/10 ^^C \OML/cmm/m/it/10 F[]\OT1/cmr/m/n/10 (\OML/cmm/m/
it/10 aa\OT1/cmr/m/n/10 ))
 []

<fitness.png, id=15, 433.62pt x 289.08pt>
File: fitness.png Graphic file (type png)
<use fitness.png>
Package pdftex.def Info: fitness.png  used on input line 143.
(pdftex.def)             Requested size: 220.63673pt x 147.0936pt.
<dfitness.png, id=18, 433.62pt x 289.08pt>
File: dfitness.png Graphic file (type png)
<use dfitness.png>
Package pdftex.def Info: dfitness.png  used on input line 150.
(pdftex.def)             Requested size: 220.63673pt x 147.0936pt.
[2 <./fitness.png> <./dfitness.png>]
<fsurf.png, id=30, 505.89pt x 289.08pt>
File: fsurf.png Graphic file (type png)
<use fsurf.png>
Package pdftex.def Info: fsurf.png  used on input line 188.
(pdftex.def)             Requested size: 410.49551pt x 234.57256pt.


Package caption Warning: \captionsetup{subtype*=...} or \subcaptionof
(caption)                outside box or environment on input line 189.
See the caption package documentation for explanation.


Package caption Warning: \subcaption
(caption)                outside box or environment on input line 189.
See the caption package documentation for explanation.

[3 <./fsurf.png>]
Underfull \hbox (badness 10000) in paragraph at lines 229--235

 []

<fsurfinit.png, id=37, 389.15387pt x 233.37187pt>
File: fsurfinit.png Graphic file (type png)
<use fsurfinit.png>
Package pdftex.def Info: fsurfinit.png  used on input line 268.
(pdftex.def)             Requested size: 307.8736pt x 184.6395pt.

Package caption Warning: \captionsetup{subtype*=...} or \subcaptionof
(caption)                outside box or environment on input line 269.
See the caption package documentation for explanation.


Package caption Warning: \subcaption
(caption)                outside box or environment on input line 269.
See the caption package documentation for explanation.


LaTeX Warning: `h' float specifier changed to `ht'.

[4]
<fit_mut1.png, id=42, 433.62pt x 289.08pt>
File: fit_mut1.png Graphic file (type png)
<use fit_mut1.png>
Package pdftex.def Info: fit_mut1.png  used on input line 287.
(pdftex.def)             Requested size: 256.55872pt x 171.04533pt.


Package caption Warning: \captionsetup{subtype*=...} or \subcaptionof
(caption)                outside box or environment on input line 288.
See the caption package documentation for explanation.


Package caption Warning: \subcaption
(caption)                outside box or environment on input line 288.
See the caption package documentation for explanation.

[5 <./fsurfinit.png> <./fit_mut1.png>]
File: fit_mut1.png Graphic file (type png)
<use fit_mut1.png>
Package pdftex.def Info: fit_mut1.png  used on input line 330.
(pdftex.def)             Requested size: 153.9368pt x 102.62631pt.
<fit_mut2.png, id=53, 433.62pt x 289.08pt>
File: fit_mut2.png Graphic file (type png)
<use fit_mut2.png>
Package pdftex.def Info: fit_mut2.png  used on input line 337.
(pdftex.def)             Requested size: 153.9368pt x 102.62631pt.
<fit_mut3.png, id=55, 433.62pt x 289.08pt>
File: fit_mut3.png Graphic file (type png)
<use fit_mut3.png>
Package pdftex.def Info: fit_mut3.png  used on input line 344.
(pdftex.def)             Requested size: 153.9368pt x 102.62631pt.
<lls.png, id=57, 433.62pt x 289.08pt>
File: lls.png Graphic file (type png)
<use lls.png>
Package pdftex.def Info: lls.png  used on input line 357.
(pdftex.def)             Requested size: 307.8736pt x 205.25705pt.


Package caption Warning: \captionsetup{subtype*=...} or \subcaptionof
(caption)                outside box or environment on input line 358.
See the caption package documentation for explanation.


Package caption Warning: \subcaption
(caption)                outside box or environment on input line 358.
See the caption package documentation for explanation.


LaTeX Warning: `h' float specifier changed to `ht'.

[6 <./fit_mut2.png> <./fit_mut3.png>] [7 <./lls.png>]
<data.png, id=73, 433.62pt x 289.08pt>
File: data.png Graphic file (type png)
<use data.png>
Package pdftex.def Info: data.png  used on input line 442.
(pdftex.def)             Requested size: 205.24384pt x 136.82921pt.
<Lsurf.png, id=75, 505.89pt x 289.08pt>
File: Lsurf.png Graphic file (type png)
<use Lsurf.png>
Package pdftex.def Info: Lsurf.png  used on input line 449.
(pdftex.def)             Requested size: 256.55872pt x 142.69473pt.
 [8 <./data.png> <./Lsurf.png>]
<fit_model.png, id=87, 433.62pt x 289.08pt>
File: fit_model.png Graphic file (type png)
<use fit_model.png>
Package pdftex.def Info: fit_model.png  used on input line 466.
(pdftex.def)             Requested size: 205.24384pt x 136.82921pt.
<Lsurfproj.png, id=89, 505.89pt x 289.08pt>
File: Lsurfproj.png Graphic file (type png)
<use Lsurfproj.png>
Package pdftex.def Info: Lsurfproj.png  used on input line 473.
(pdftex.def)             Requested size: 256.55872pt x 136.25604pt.
 [9 <./fit_model.png> <./Lsurfproj.png>]
<Lsurfthresh.png, id=98, 505.89pt x 289.08pt>
File: Lsurfthresh.png Graphic file (type png)
<use Lsurfthresh.png>
Package pdftex.def Info: Lsurfthresh.png  used on input line 539.
(pdftex.def)             Requested size: 230.90128pt x 122.62784pt.
<Lsurfrot.png, id=100, 505.89pt x 289.08pt>
File: Lsurfrot.png Graphic file (type png)
<use Lsurfrot.png>
Package pdftex.def Info: Lsurfrot.png  used on input line 546.
(pdftex.def)             Requested size: 230.90128pt x 122.62784pt.
<fit_model1.png, id=102, 433.62pt x 289.08pt>
File: fit_model1.png Graphic file (type png)
<use fit_model1.png>
Package pdftex.def Info: fit_model1.png  used on input line 570.
(pdftex.def)             Requested size: 159.06516pt x 102.65877pt.
File: fit_model.png Graphic file (type png)
<use fit_model.png>
Package pdftex.def Info: fit_model.png  used on input line 577.
(pdftex.def)             Requested size: 159.06516pt x 102.65877pt.
<fit_model2.png, id=105, 433.62pt x 289.08pt>
File: fit_model2.png Graphic file (type png)
<use fit_model2.png>
Package pdftex.def Info: fit_model2.png  used on input line 584.
(pdftex.def)             Requested size: 159.06516pt x 102.65877pt.
 [10 <./Lsurfthresh.png> <./Lsurfrot.png> <./fit_model1.png> <./fit_model2.png>
]
<fit_modelpas.png, id=119, 433.62pt x 289.08pt>
File: fit_modelpas.png Graphic file (type png)
<use fit_modelpas.png>
Package pdftex.def Info: fit_modelpas.png  used on input line 617.
(pdftex.def)             Requested size: 230.90128pt x 149.02242pt.
<Lsurfpas.png, id=121, 505.89pt x 289.08pt>
File: Lsurfpas.png Graphic file (type png)
<use Lsurfpas.png>
Package pdftex.def Info: Lsurfpas.png  used on input line 624.
(pdftex.def)             Requested size: 230.90128pt x 122.62784pt.
 [11 <./fit_modelpas.png> <./Lsurfpas.png>] (/usr/local/texlive/2018/texmf-dist
/tex/latex/listings/lstlang1.sty
File: lstlang1.sty 2015/06/04 1.6 listings language file
) (./pg1_code.py
LaTeX Font Info:    Try loading font information for OMS+cmr on input line 2.
 (/usr/local/texlive/2018/texmf-dist/tex/latex/base/omscmr.fd
File: omscmr.fd 2014/09/29 v2.5h Standard LaTeX font definitions
)
LaTeX Font Info:    Font shape `OMS/cmr/m/it' in size <10> not available
(Font)              Font shape `OMS/cmsy/m/n' tried instead on input line 2.
LaTeX Font Info:    Font shape `OMS/cmr/m/n' in size <10> not available
(Font)              Font shape `OMS/cmsy/m/n' tried instead on input line 28.

Overfull \hbox (2.8878pt too wide) in paragraph at lines 34--35
[][][][][][][][][][][][][][][][][][][][][][][][][][][][][][][][][][][][][][][][
][][][][][][][][][][][][][][] 
 []

[12]
LaTeX Font Info:    Try loading font information for OML+cmr on input line 86.
 (/usr/local/texlive/2018/texmf-dist/tex/latex/base/omlcmr.fd
File: omlcmr.fd 2014/09/29 v2.5h Standard LaTeX font definitions
)
LaTeX Font Info:    Font shape `OML/cmr/m/n' in size <10> not available
(Font)              Font shape `OML/cmm/m/it' tried instead on input line 86.
 [13]
[14]
LaTeX Font Info:    Font shape `OML/cmr/m/it' in size <10> not available
(Font)              Font shape `OML/cmm/m/it' tried instead on input line 195.
 [15] [16] [17] [18]
Overfull \hbox (8.88786pt too wide) in paragraph at lines 450--452
[][][][][][][][][][][][][][][][][][][][][][][][][][][][][][][][][][][][][][][][
][][][][][][][][][][][][][][][][][][] 
 []

[19]
Overfull \hbox (8.88786pt too wide) in paragraph at lines 476--478
[][][][][][][][][][][][][][][][][][][][][][][][][][][][][][][][][][][][][][][][
][][][][][][][][][][][][][][][][][][] 
 []

[20]) [21] (./pg1_303039534.aux)

LaTeX Warning: There were multiply-defined labels.

 ) 
Here is how much of TeX's memory you used:
 6471 strings out of 492649
 91339 string characters out of 6129622
 205953 words of memory out of 5000000
 10245 multiletter control sequences out of 15000+600000
 10650 words of font info for 41 fonts, out of 8000000 for 9000
 1141 hyphenation exceptions out of 8191
 41i,9n,43p,850b,1725s stack positions out of 5000i,500n,10000p,200000b,80000s
</usr/local/texlive/2018/texmf-dist/fonts/type1/public/amsfonts/cm/cmbx10.pfb
></usr/local/texlive/2018/texmf-dist/fonts/type1/public/amsfonts/cm/cmbx12.pfb>
</usr/local/texlive/2018/texmf-dist/fonts/type1/public/amsfonts/cm/cmex10.pfb><
/usr/local/texlive/2018/texmf-dist/fonts/type1/public/amsfonts/cm/cmmi10.pfb></
usr/local/texlive/2018/texmf-dist/fonts/type1/public/amsfonts/cm/cmmi5.pfb></us
r/local/texlive/2018/texmf-dist/fonts/type1/public/amsfonts/cm/cmmi6.pfb></usr/
local/texlive/2018/texmf-dist/fonts/type1/public/amsfonts/cm/cmmi7.pfb></usr/lo
cal/texlive/2018/texmf-dist/fonts/type1/public/amsfonts/cm/cmmi9.pfb></usr/loca
l/texlive/2018/texmf-dist/fonts/type1/public/amsfonts/cm/cmr10.pfb></usr/local/
texlive/2018/texmf-dist/fonts/type1/public/amsfonts/cm/cmr5.pfb></usr/local/tex
live/2018/texmf-dist/fonts/type1/public/amsfonts/cm/cmr6.pfb></usr/local/texliv
e/2018/texmf-dist/fonts/type1/public/amsfonts/cm/cmr7.pfb></usr/local/texlive/2
018/texmf-dist/fonts/type1/public/amsfonts/cm/cmr9.pfb></usr/local/texlive/2018
/texmf-dist/fonts/type1/public/amsfonts/cm/cmsy10.pfb></usr/local/texlive/2018/
texmf-dist/fonts/type1/public/amsfonts/cm/cmti10.pfb></usr/local/texlive/2018/t
exmf-dist/fonts/type1/public/amsfonts/cm/cmti9.pfb>
Output written on pg1_303039534.pdf (21 pages, 3275234 bytes).
PDF statistics:
 214 PDF objects out of 1000 (max. 8388607)
 117 compressed objects within 2 object streams
 0 named destinations out of 1000 (max. 500000)
 211 words of extra memory for PDF output out of 10000 (max. 10000000)

