This is pdfTeX, Version 3.14159265-2.6-1.40.19 (TeX Live 2018) (preloaded format=pdflatex 2018.4.16)  23 APR 2019 16:14
entering extended mode
 restricted \write18 enabled.
 %&-line parsing enabled.
**pg2_303039534.tex
(./pg2_303039534.tex
LaTeX2e <2018-04-01> patch level 2
Babel <3.18> and hyphenation patterns for 84 language(s) loaded.
(/usr/local/texlive/2018/texmf-dist/tex/latex/base/article.cls
Document Class: article 2014/09/29 v1.4h Standard LaTeX document class
(/usr/local/texlive/2018/texmf-dist/tex/latex/base/size10.clo
File: size10.clo 2014/09/29 v1.4h Standard LaTeX file (size option)
)
\c@part=\count80
\c@section=\count81
\c@subsection=\count82
\c@subsubsection=\count83
\c@paragraph=\count84
\c@subparagraph=\count85
\c@figure=\count86
\c@table=\count87
\abovecaptionskip=\skip41
\belowcaptionskip=\skip42
\bibindent=\dimen102
)
(/usr/local/texlive/2018/texmf-dist/tex/latex/geometry/geometry.sty
Package: geometry 2018/03/24 v5.7 Page Geometry

(/usr/local/texlive/2018/texmf-dist/tex/latex/graphics/keyval.sty
Package: keyval 2014/10/28 v1.15 key=value parser (DPC)
\KV@toks@=\toks14
)
(/usr/local/texlive/2018/texmf-dist/tex/generic/oberdiek/ifpdf.sty
Package: ifpdf 2017/03/15 v3.2 Provides the ifpdf switch
)
(/usr/local/texlive/2018/texmf-dist/tex/generic/oberdiek/ifvtex.sty
Package: ifvtex 2016/05/16 v1.6 Detect VTeX and its facilities (HO)
Package ifvtex Info: VTeX not detected.
)
(/usr/local/texlive/2018/texmf-dist/tex/generic/ifxetex/ifxetex.sty
Package: ifxetex 2010/09/12 v0.6 Provides ifxetex conditional
)
\Gm@cnth=\count88
\Gm@cntv=\count89
\c@Gm@tempcnt=\count90
\Gm@bindingoffset=\dimen103
\Gm@wd@mp=\dimen104
\Gm@odd@mp=\dimen105
\Gm@even@mp=\dimen106
\Gm@layoutwidth=\dimen107
\Gm@layoutheight=\dimen108
\Gm@layouthoffset=\dimen109
\Gm@layoutvoffset=\dimen110
\Gm@dimlist=\toks15
)
(/usr/local/texlive/2018/texmf-dist/tex/latex/parskip/parskip.sty
Package: parskip 2001/04/09 non-zero parskip adjustments
)
(/usr/local/texlive/2018/texmf-dist/tex/latex/base/inputenc.sty
Package: inputenc 2018/04/06 v1.3b Input encoding file
\inpenc@prehook=\toks16
\inpenc@posthook=\toks17
)
(/usr/local/texlive/2018/texmf-dist/tex/latex/amsmath/amsmath.sty
Package: amsmath 2017/09/02 v2.17a AMS math features
\@mathmargin=\skip43

For additional information on amsmath, use the `?' option.
(/usr/local/texlive/2018/texmf-dist/tex/latex/amsmath/amstext.sty
Package: amstext 2000/06/29 v2.01 AMS text

(/usr/local/texlive/2018/texmf-dist/tex/latex/amsmath/amsgen.sty
File: amsgen.sty 1999/11/30 v2.0 generic functions
\@emptytoks=\toks18
\ex@=\dimen111
))
(/usr/local/texlive/2018/texmf-dist/tex/latex/amsmath/amsbsy.sty
Package: amsbsy 1999/11/29 v1.2d Bold Symbols
\pmbraise@=\dimen112
)
(/usr/local/texlive/2018/texmf-dist/tex/latex/amsmath/amsopn.sty
Package: amsopn 2016/03/08 v2.02 operator names
)
\inf@bad=\count91
LaTeX Info: Redefining \frac on input line 213.
\uproot@=\count92
\leftroot@=\count93
LaTeX Info: Redefining \overline on input line 375.
\classnum@=\count94
\DOTSCASE@=\count95
LaTeX Info: Redefining \ldots on input line 472.
LaTeX Info: Redefining \dots on input line 475.
LaTeX Info: Redefining \cdots on input line 596.
\Mathstrutbox@=\box26
\strutbox@=\box27
\big@size=\dimen113
LaTeX Font Info:    Redeclaring font encoding OML on input line 712.
LaTeX Font Info:    Redeclaring font encoding OMS on input line 713.
\macc@depth=\count96
\c@MaxMatrixCols=\count97
\dotsspace@=\muskip10
\c@parentequation=\count98
\dspbrk@lvl=\count99
\tag@help=\toks19
\row@=\count100
\column@=\count101
\maxfields@=\count102
\andhelp@=\toks20
\eqnshift@=\dimen114
\alignsep@=\dimen115
\tagshift@=\dimen116
\tagwidth@=\dimen117
\totwidth@=\dimen118
\lineht@=\dimen119
\@envbody=\toks21
\multlinegap=\skip44
\multlinetaggap=\skip45
\mathdisplay@stack=\toks22
LaTeX Info: Redefining \[ on input line 2817.
LaTeX Info: Redefining \] on input line 2818.
)
(/usr/local/texlive/2018/texmf-dist/tex/latex/amsfonts/amssymb.sty
Package: amssymb 2013/01/14 v3.01 AMS font symbols

(/usr/local/texlive/2018/texmf-dist/tex/latex/amsfonts/amsfonts.sty
Package: amsfonts 2013/01/14 v3.01 Basic AMSFonts support
\symAMSa=\mathgroup4
\symAMSb=\mathgroup5
LaTeX Font Info:    Overwriting math alphabet `\mathfrak' in version `bold'
(Font)                  U/euf/m/n --> U/euf/b/n on input line 106.
))
(/usr/local/texlive/2018/texmf-dist/tex/latex/amscls/amsthm.sty
Package: amsthm 2017/10/31 v2.20.4
\thm@style=\toks23
\thm@bodyfont=\toks24
\thm@headfont=\toks25
\thm@notefont=\toks26
\thm@headpunct=\toks27
\thm@preskip=\skip46
\thm@postskip=\skip47
\thm@headsep=\skip48
\dth@everypar=\toks28
)
(/usr/local/texlive/2018/texmf-dist/tex/latex/graphics/graphicx.sty
Package: graphicx 2017/06/01 v1.1a Enhanced LaTeX Graphics (DPC,SPQR)

(/usr/local/texlive/2018/texmf-dist/tex/latex/graphics/graphics.sty
Package: graphics 2017/06/25 v1.2c Standard LaTeX Graphics (DPC,SPQR)

(/usr/local/texlive/2018/texmf-dist/tex/latex/graphics/trig.sty
Package: trig 2016/01/03 v1.10 sin cos tan (DPC)
)
(/usr/local/texlive/2018/texmf-dist/tex/latex/graphics-cfg/graphics.cfg
File: graphics.cfg 2016/06/04 v1.11 sample graphics configuration
)
Package graphics Info: Driver file: pdftex.def on input line 99.

(/usr/local/texlive/2018/texmf-dist/tex/latex/graphics-def/pdftex.def
File: pdftex.def 2018/01/08 v1.0l Graphics/color driver for pdftex
))
\Gin@req@height=\dimen120
\Gin@req@width=\dimen121
)
(/usr/local/texlive/2018/texmf-dist/tex/latex/caption/caption.sty
Package: caption 2016/02/21 v3.3-144 Customizing captions (AR)

(/usr/local/texlive/2018/texmf-dist/tex/latex/caption/caption3.sty
Package: caption3 2016/05/22 v1.7-166 caption3 kernel (AR)
Package caption3 Info: TeX engine: e-TeX on input line 67.
\captionmargin=\dimen122
\captionmargin@=\dimen123
\captionwidth=\dimen124
\caption@tempdima=\dimen125
\caption@indent=\dimen126
\caption@parindent=\dimen127
\caption@hangindent=\dimen128
)
\c@ContinuedFloat=\count103
)
(/usr/local/texlive/2018/texmf-dist/tex/latex/caption/subcaption.sty
Package: subcaption 2016/05/22 v1.1-161 Sub-captions (AR)
\c@subfigure=\count104
\c@subtable=\count105
)
(/usr/local/texlive/2018/texmf-dist/tex/latex/listings/listings.sty
\lst@mode=\count106
\lst@gtempboxa=\box28
\lst@token=\toks29
\lst@length=\count107
\lst@currlwidth=\dimen129
\lst@column=\count108
\lst@pos=\count109
\lst@lostspace=\dimen130
\lst@width=\dimen131
\lst@newlines=\count110
\lst@lineno=\count111
\lst@maxwidth=\dimen132

(/usr/local/texlive/2018/texmf-dist/tex/latex/listings/lstmisc.sty
File: lstmisc.sty 2015/06/04 1.6 (Carsten Heinz)
\c@lstnumber=\count112
\lst@skipnumbers=\count113
\lst@framebox=\box29
)
(/usr/local/texlive/2018/texmf-dist/tex/latex/listings/listings.cfg
File: listings.cfg 2015/06/04 1.6 listings configuration
))
Package: listings 2015/06/04 1.6 (Carsten Heinz)

(/usr/local/texlive/2018/texmf-dist/tex/latex/overpic/overpic.sty
Package: overpic 2017/10/06 1.0 picture overlays

(/usr/local/texlive/2018/texmf-dist/tex/latex/eepic/epic.sty
Enhancements to Picture Environment. Version 1.2 - Released June 1, 1986
\@@multicnt=\count114
\d@lta=\count115
\@delta=\dimen133
\@@delta=\dimen134
\@gridcnt=\count116
\@joinkind=\count117
\@dotgap=\dimen135
\@ddotgap=\dimen136
\@x@diff=\count118
\@y@diff=\count119
\x@diff=\dimen137
\y@diff=\dimen138
\@dotbox=\box30
\num@segments=\count120
\num@segmentsi=\count121
\@datafile=\read1
)) (/usr/local/texlive/2018/texmf-dist/tex/latex/xcolor/xcolor.sty
Package: xcolor 2016/05/11 v2.12 LaTeX color extensions (UK)

(/usr/local/texlive/2018/texmf-dist/tex/latex/graphics-cfg/color.cfg
File: color.cfg 2016/01/02 v1.6 sample color configuration
)
Package xcolor Info: Driver file: pdftex.def on input line 225.
Package xcolor Info: Model `cmy' substituted by `cmy0' on input line 1348.
Package xcolor Info: Model `hsb' substituted by `rgb' on input line 1352.
Package xcolor Info: Model `RGB' extended on input line 1364.
Package xcolor Info: Model `HTML' substituted by `rgb' on input line 1366.
Package xcolor Info: Model `Hsb' substituted by `hsb' on input line 1367.
Package xcolor Info: Model `tHsb' substituted by `hsb' on input line 1368.
Package xcolor Info: Model `HSB' substituted by `hsb' on input line 1369.
Package xcolor Info: Model `Gray' substituted by `gray' on input line 1370.
Package xcolor Info: Model `wave' substituted by `hsb' on input line 1371.
)
(/usr/local/texlive/2018/texmf-dist/tex/latex/varwidth/varwidth.sty
Package: varwidth 2009/03/30 ver 0.92;  Variable-width minipages
\@vwid@box=\box31
\sift@deathcycles=\count122
\@vwid@loff=\dimen139
\@vwid@roff=\dimen140
)
(/usr/local/texlive/2018/texmf-dist/tex/latex/braket/braket.sty)
(/usr/local/texlive/2018/texmf-dist/tex/latex/titling/titling.sty
Package: titling 2009/09/04 v2.1d maketitle typesetting
\thanksmarkwidth=\skip49
\thanksmargin=\skip50
\droptitle=\skip51
)
(/usr/local/texlive/2018/texmf-dist/tex/latex/titlesec/titlesec.sty
Package: titlesec 2016/03/21 v2.10.2 Sectioning titles
\ttl@box=\box32
\beforetitleunit=\skip52
\aftertitleunit=\skip53
\ttl@plus=\dimen141
\ttl@minus=\dimen142
\ttl@toksa=\toks30
\titlewidth=\dimen143
\titlewidthlast=\dimen144
\titlewidthfirst=\dimen145
)
(./pg2_303039534.aux

LaTeX Warning: Label `fig:t7' multiply defined.


LaTeX Warning: Label `sub@fig:t7' multiply defined.


LaTeX Warning: Label `fig:t65' multiply defined.


LaTeX Warning: Label `sub@fig:t65' multiply defined.


LaTeX Warning: Label `fig:t4' multiply defined.


LaTeX Warning: Label `sub@fig:t4' multiply defined.

)
\openout1 = `pg2_303039534.aux'.

LaTeX Font Info:    Checking defaults for OML/cmm/m/it on input line 41.
LaTeX Font Info:    ... okay on input line 41.
LaTeX Font Info:    Checking defaults for T1/cmr/m/n on input line 41.
LaTeX Font Info:    ... okay on input line 41.
LaTeX Font Info:    Checking defaults for OT1/cmr/m/n on input line 41.
LaTeX Font Info:    ... okay on input line 41.
LaTeX Font Info:    Checking defaults for OMS/cmsy/m/n on input line 41.
LaTeX Font Info:    ... okay on input line 41.
LaTeX Font Info:    Checking defaults for OMX/cmex/m/n on input line 41.
LaTeX Font Info:    ... okay on input line 41.
LaTeX Font Info:    Checking defaults for U/cmr/m/n on input line 41.
LaTeX Font Info:    ... okay on input line 41.

*geometry* driver: auto-detecting
*geometry* detected driver: pdftex
*geometry* verbose mode - [ preamble ] result:
* driver: pdftex
* paper: <default>
* layout: <same size as paper>
* layoutoffset:(h,v)=(0.0pt,0.0pt)
* modes: 
* h-part:(L,W,R)=(50.58878pt, 513.11745pt, 50.58878pt)
* v-part:(T,H,B)=(50.58878pt, 693.79243pt, 50.58878pt)
* \paperwidth=614.295pt
* \paperheight=794.96999pt
* \textwidth=513.11745pt
* \textheight=693.79243pt
* \oddsidemargin=-21.68121pt
* \evensidemargin=-21.68121pt
* \topmargin=-58.68121pt
* \headheight=12.0pt
* \headsep=25.0pt
* \topskip=10.0pt
* \footskip=30.0pt
* \marginparwidth=65.0pt
* \marginparsep=11.0pt
* \columnsep=10.0pt
* \skip\footins=9.0pt plus 4.0pt minus 2.0pt
* \hoffset=0.0pt
* \voffset=0.0pt
* \mag=1000
* \@twocolumnfalse
* \@twosidefalse
* \@mparswitchfalse
* \@reversemarginfalse
* (1in=72.27pt=25.4mm, 1cm=28.453pt)

(/usr/local/texlive/2018/texmf-dist/tex/context/base/mkii/supp-pdf.mkii
[Loading MPS to PDF converter (version 2006.09.02).]
\scratchcounter=\count123
\scratchdimen=\dimen146
\scratchbox=\box33
\nofMPsegments=\count124
\nofMParguments=\count125
\everyMPshowfont=\toks31
\MPscratchCnt=\count126
\MPscratchDim=\dimen147
\MPnumerator=\count127
\makeMPintoPDFobject=\count128
\everyMPtoPDFconversion=\toks32
) (/usr/local/texlive/2018/texmf-dist/tex/latex/oberdiek/epstopdf-base.sty
Package: epstopdf-base 2016/05/15 v2.6 Base part for package epstopdf

(/usr/local/texlive/2018/texmf-dist/tex/generic/oberdiek/infwarerr.sty
Package: infwarerr 2016/05/16 v1.4 Providing info/warning/error messages (HO)
)
(/usr/local/texlive/2018/texmf-dist/tex/latex/oberdiek/grfext.sty
Package: grfext 2016/05/16 v1.2 Manage graphics extensions (HO)

(/usr/local/texlive/2018/texmf-dist/tex/generic/oberdiek/kvdefinekeys.sty
Package: kvdefinekeys 2016/05/16 v1.4 Define keys (HO)

(/usr/local/texlive/2018/texmf-dist/tex/generic/oberdiek/ltxcmds.sty
Package: ltxcmds 2016/05/16 v1.23 LaTeX kernel commands for general use (HO)
)))
(/usr/local/texlive/2018/texmf-dist/tex/latex/oberdiek/kvoptions.sty
Package: kvoptions 2016/05/16 v3.12 Key value format for package options (HO)

(/usr/local/texlive/2018/texmf-dist/tex/generic/oberdiek/kvsetkeys.sty
Package: kvsetkeys 2016/05/16 v1.17 Key value parser (HO)

(/usr/local/texlive/2018/texmf-dist/tex/generic/oberdiek/etexcmds.sty
Package: etexcmds 2016/05/16 v1.6 Avoid name clashes with e-TeX commands (HO)

(/usr/local/texlive/2018/texmf-dist/tex/generic/oberdiek/ifluatex.sty
Package: ifluatex 2016/05/16 v1.4 Provides the ifluatex switch (HO)
Package ifluatex Info: LuaTeX not detected.
)
Package etexcmds Info: Could not find \expanded.
(etexcmds)             That can mean that you are not using pdfTeX 1.50 or
(etexcmds)             that some package has redefined \expanded.
(etexcmds)             In the latter case, load this package earlier.
)))
(/usr/local/texlive/2018/texmf-dist/tex/generic/oberdiek/pdftexcmds.sty
Package: pdftexcmds 2018/01/30 v0.27 Utility functions of pdfTeX for LuaTeX (HO
)
Package pdftexcmds Info: LuaTeX not detected.
Package pdftexcmds Info: \pdf@primitive is available.
Package pdftexcmds Info: \pdf@ifprimitive is available.
Package pdftexcmds Info: \pdfdraftmode found.
)
Package epstopdf-base Info: Redefining graphics rule for `.eps' on input line 4
38.
Package grfext Info: Graphics extension search list:
(grfext)             [.pdf,.png,.jpg,.mps,.jpeg,.jbig2,.jb2,.PDF,.PNG,.JPG,.JPE
G,.JBIG2,.JB2,.eps]
(grfext)             \AppendGraphicsExtensions on input line 456.

(/usr/local/texlive/2018/texmf-dist/tex/latex/latexconfig/epstopdf-sys.cfg
File: epstopdf-sys.cfg 2010/07/13 v1.3 Configuration of (r)epstopdf for TeX Liv
e
))
Package caption Info: Begin \AtBeginDocument code.
Package caption Info: listings package is loaded.
Package caption Info: End \AtBeginDocument code.
\c@lstlisting=\count129
LaTeX Font Info:    Try loading font information for U+msa on input line 59.

(/usr/local/texlive/2018/texmf-dist/tex/latex/amsfonts/umsa.fd
File: umsa.fd 2013/01/14 v3.01 AMS symbols A
)
LaTeX Font Info:    Try loading font information for U+msb on input line 59.

(/usr/local/texlive/2018/texmf-dist/tex/latex/amsfonts/umsb.fd
File: umsb.fd 2013/01/14 v3.01 AMS symbols B
)
<figures/tree.png, id=1, 433.62pt x 289.08pt>
File: figures/tree.png Graphic file (type png)
<use figures/tree.png>
Package pdftex.def Info: figures/tree.png  used on input line 99.
(pdftex.def)             Requested size: 282.21616pt x 178.79245pt.


LaTeX Warning: `h' float specifier changed to `ht'.

[1

{/usr/local/texlive/2018/texmf-var/fonts/map/pdftex/updmap/pdftex.map}]

LaTeX Warning: `h' float specifier changed to `ht'.

[2 <./figures/tree.png>]
<figures/tree_relabelled.png, id=18, 433.62pt x 289.08pt>
File: figures/tree_relabelled.png Graphic file (type png)
<use figures/tree_relabelled.png>
Package pdftex.def Info: figures/tree_relabelled.png  used on input line 168.
(pdftex.def)             Requested size: 323.2665pt x 204.79776pt.
 [3 <./figures/tree_relabelled.png>]
<figures/resample_selection_trajec.png, id=25, 433.62pt x 289.08pt>
File: figures/resample_selection_trajec.png Graphic file (type png)
<use figures/resample_selection_trajec.png>
Package pdftex.def Info: figures/resample_selection_trajec.png  used on input l
ine 217.
(pdftex.def)             Requested size: 205.24384pt x 134.1814pt.
<figures/resample_selection_hist2.png, id=27, 433.62pt x 289.08pt>
File: figures/resample_selection_hist2.png Graphic file (type png)
<use figures/resample_selection_hist2.png>
Package pdftex.def Info: figures/resample_selection_hist2.png  used on input li
ne 224.
(pdftex.def)             Requested size: 205.24384pt x 134.1814pt.
 [4 <./figures/resample_selection_trajec.png> <./figures/resample_selection_his
t2.png>]
<figures/selection_dists.png, id=43, 433.62pt x 289.08pt>
File: figures/selection_dists.png Graphic file (type png)
<use figures/selection_dists.png>
Package pdftex.def Info: figures/selection_dists.png  used on input line 248.
(pdftex.def)             Requested size: 205.24384pt x 134.1814pt.
<figures/all_combined_dists.png, id=45, 433.62pt x 289.08pt>
File: figures/all_combined_dists.png Graphic file (type png)
<use figures/all_combined_dists.png>
Package pdftex.def Info: figures/all_combined_dists.png  used on input line 255
.
(pdftex.def)             Requested size: 205.24384pt x 134.1814pt.
<figures/constant_selection_trajec.png, id=47, 433.62pt x 289.08pt>
File: figures/constant_selection_trajec.png Graphic file (type png)
<use figures/constant_selection_trajec.png>
Package pdftex.def Info: figures/constant_selection_trajec.png  used on input l
ine 275.
(pdftex.def)             Requested size: 156.49706pt x 102.31003pt.
<figures/constant_selection_hist2.png, id=49, 433.62pt x 289.08pt>
File: figures/constant_selection_hist2.png Graphic file (type png)
<use figures/constant_selection_hist2.png>
Package pdftex.def Info: figures/constant_selection_hist2.png  used on input li
ne 282.
(pdftex.def)             Requested size: 156.49706pt x 102.31003pt.
<figures/sym_combined_dists.png, id=51, 433.62pt x 289.08pt>
File: figures/sym_combined_dists.png Graphic file (type png)
<use figures/sym_combined_dists.png>
Package pdftex.def Info: figures/sym_combined_dists.png  used on input line 289
.
(pdftex.def)             Requested size: 156.49706pt x 102.31003pt.


LaTeX Warning: `h' float specifier changed to `ht'.

[5 <./figures/selection_dists.png> <./figures/all_combined_dists.png>]
<figures/changing_resample_selection_trajec.png, id=61, 433.62pt x 289.08pt>
File: figures/changing_resample_selection_trajec.png Graphic file (type png)
<use figures/changing_resample_selection_trajec.png>
Package pdftex.def Info: figures/changing_resample_selection_trajec.png  used o
n input line 310.
(pdftex.def)             Requested size: 156.49706pt x 102.31003pt.
<figures/changing_resample_selection_hist2.png, id=63, 433.62pt x 289.08pt>
File: figures/changing_resample_selection_hist2.png Graphic file (type png)
<use figures/changing_resample_selection_hist2.png>
Package pdftex.def Info: figures/changing_resample_selection_hist2.png  used on
 input line 317.
(pdftex.def)             Requested size: 156.49706pt x 102.31003pt.
<figures/no_n_combined_dists.png, id=65, 433.62pt x 289.08pt>
File: figures/no_n_combined_dists.png Graphic file (type png)
<use figures/no_n_combined_dists.png>
Package pdftex.def Info: figures/no_n_combined_dists.png  used on input line 32
4.
(pdftex.def)             Requested size: 156.49706pt x 102.31003pt.
<figures/changing_selection_trajec.png, id=67, 433.62pt x 289.08pt>
File: figures/changing_selection_trajec.png Graphic file (type png)
<use figures/changing_selection_trajec.png>
Package pdftex.def Info: figures/changing_selection_trajec.png  used on input l
ine 336.
(pdftex.def)             Requested size: 156.49706pt x 102.31003pt.
<figures/changing_selection_hist2.png, id=69, 433.62pt x 289.08pt>
File: figures/changing_selection_hist2.png Graphic file (type png)
<use figures/changing_selection_hist2.png>
Package pdftex.def Info: figures/changing_selection_hist2.png  used on input li
ne 343.
(pdftex.def)             Requested size: 156.49706pt x 103.65076pt.
File: figures/no_n_combined_dists.png Graphic file (type png)
<use figures/no_n_combined_dists.png>
Package pdftex.def Info: figures/no_n_combined_dists.png  used on input line 35
0.
(pdftex.def)             Requested size: 156.49706pt x 102.31003pt.
 [6 <./figures/constant_selection_trajec.png> <./figures/constant_selection_his
t2.png> <./figures/sym_combined_dists.png> <./figures/changing_resample_selecti
on_trajec.png> <./figures/changing_resample_selection_hist2.png> <./figures/no_
n_combined_dists.png> <./figures/changing_selection_trajec.png> <./figures/chan
ging_selection_hist2.png>]
<figures/tau5e7_selection_hist2.png, id=95, 433.62pt x 289.08pt>
File: figures/tau5e7_selection_hist2.png Graphic file (type png)
<use figures/tau5e7_selection_hist2.png>
Package pdftex.def Info: figures/tau5e7_selection_hist2.png  used on input line
 371.
(pdftex.def)             Requested size: 123.151pt x 80.50961pt.
<figures/tau5e5_selection_hist2.png, id=97, 433.62pt x 289.08pt>
File: figures/tau5e5_selection_hist2.png Graphic file (type png)
<use figures/tau5e5_selection_hist2.png>
Package pdftex.def Info: figures/tau5e5_selection_hist2.png  used on input line
 378.
(pdftex.def)             Requested size: 123.151pt x 80.50961pt.
<figures/tau5e3_selection_hist2.png, id=99, 433.62pt x 289.08pt>
File: figures/tau5e3_selection_hist2.png Graphic file (type png)
<use figures/tau5e3_selection_hist2.png>
Package pdftex.def Info: figures/tau5e3_selection_hist2.png  used on input line
 384.
(pdftex.def)             Requested size: 123.151pt x 80.50961pt.
File: figures/no_n_combined_dists.png Graphic file (type png)
<use figures/no_n_combined_dists.png>
Package pdftex.def Info: figures/no_n_combined_dists.png  used on input line 39
0.
(pdftex.def)             Requested size: 123.151pt x 80.50961pt.
<figures/tau5e7_selection_trajec.png, id=102, 433.62pt x 289.08pt>
File: figures/tau5e7_selection_trajec.png Graphic file (type png)
<use figures/tau5e7_selection_trajec.png>
Package pdftex.def Info: figures/tau5e7_selection_trajec.png  used on input lin
e 404.
(pdftex.def)             Requested size: 156.49706pt x 102.31003pt.
<figures/tau5e5_selection_trajec.png, id=104, 433.62pt x 289.08pt>
File: figures/tau5e5_selection_trajec.png Graphic file (type png)
<use figures/tau5e5_selection_trajec.png>
Package pdftex.def Info: figures/tau5e5_selection_trajec.png  used on input lin
e 411.
(pdftex.def)             Requested size: 156.49706pt x 102.31003pt.
<figures/tau5e3_selection_trajec.png, id=106, 433.62pt x 289.08pt>
File: figures/tau5e3_selection_trajec.png Graphic file (type png)
<use figures/tau5e3_selection_trajec.png>
Package pdftex.def Info: figures/tau5e3_selection_trajec.png  used on input lin
e 418.
(pdftex.def)             Requested size: 156.49706pt x 102.31003pt.
 [7 <./figures/tau5e7_selection_hist2.png> <./figures/tau5e5_selection_hist2.pn
g> <./figures/tau5e3_selection_hist2.png> <./figures/tau5e7_selection_trajec.pn
g> <./figures/tau5e5_selection_trajec.png> <./figures/tau5e3_selection_trajec.p
ng>] [8] [9] [10]
<figures/samp_K.png, id=137, 334.851pt x 208.98074pt>
File: figures/samp_K.png Graphic file (type png)
<use figures/samp_K.png>
Package pdftex.def Info: figures/samp_K.png  used on input line 554.
(pdftex.def)             Requested size: 230.90128pt x 144.10757pt.

Underfull \hbox (badness 10000) in paragraph at lines 567--570

 []

[11 <./figures/samp_K.png>]
<figures/drawtree_constant.png, id=144, 282.45525pt x 185.493pt>
File: figures/drawtree_constant.png Graphic file (type png)
<use figures/drawtree_constant.png>
Package pdftex.def Info: figures/drawtree_constant.png  used on input line 605.

(pdftex.def)             Requested size: 156.49706pt x 102.77434pt.
<figures/drawtree_increasing.png, id=146, 276.43275pt x 185.493pt>
File: figures/drawtree_increasing.png Graphic file (type png)
<use figures/drawtree_increasing.png>
Package pdftex.def Info: figures/drawtree_increasing.png  used on input line 61
2.
(pdftex.def)             Requested size: 156.49706pt x 105.016pt.
<figures/drawtree_decreasing.png, id=148, 282.45525pt x 185.493pt>
File: figures/drawtree_decreasing.png Graphic file (type png)
<use figures/drawtree_decreasing.png>
Package pdftex.def Info: figures/drawtree_decreasing.png  used on input line 61
9.
(pdftex.def)             Requested size: 156.49706pt x 102.77434pt.
 [12 <./figures/drawtree_constant.png> <./figures/drawtree_increasing.png> <./f
igures/drawtree_decreasing.png>]
<figures/simple_ancestors.png, id=159, 334.851pt x 208.98074pt>
File: figures/simple_ancestors.png Graphic file (type png)
<use figures/simple_ancestors.png>
Package pdftex.def Info: figures/simple_ancestors.png  used on input line 652.
(pdftex.def)             Requested size: 230.90128pt x 144.10757pt.
 [13 <./figures/simple_ancestors.png>]
<figures/Ne1000_allcoal.png, id=167, 329.43076pt x 208.98074pt>
File: figures/Ne1000_allcoal.png Graphic file (type png)
<use figures/Ne1000_allcoal.png>
Package pdftex.def Info: figures/Ne1000_allcoal.png  used on input line 675.
(pdftex.def)             Requested size: 230.90128pt x 146.48003pt.
<figures/variableparams_allcoal2.png, id=169, 338.4645pt x 208.98074pt>
File: figures/variableparams_allcoal2.png Graphic file (type png)
<use figures/variableparams_allcoal2.png>
Package pdftex.def Info: figures/variableparams_allcoal2.png  used on input lin
e 686.
(pdftex.def)             Requested size: 230.90128pt x 142.57057pt.
 [14 <./figures/Ne1000_allcoal.png> <./figures/variableparams_allcoal2.png>]
<figures/example_tree_msprime.png, id=178, 1027.84pt x 770.88pt>
File: figures/example_tree_msprime.png Graphic file (type png)
<use figures/example_tree_msprime.png>
Package pdftex.def Info: figures/example_tree_msprime.png  used on input line 7
06.
(pdftex.def)             Requested size: 436.15295pt x 327.11975pt.
 [15 <./figures/example_tree_msprime.png>]
Underfull \hbox (badness 10000) in paragraph at lines 719--720

 []


Underfull \hbox (badness 10000) in paragraph at lines 721--725

 []

[16]
<figures/nordborg_curve.png, id=188, 334.24875pt x 208.98074pt>
File: figures/nordborg_curve.png Graphic file (type png)
<use figures/nordborg_curve.png>
Package pdftex.def Info: figures/nordborg_curve.png  used on input line 755.
(pdftex.def)             Requested size: 230.90128pt x 144.36905pt.
<figures/popN_curve.png, id=190, 341.47575pt x 208.98074pt>
File: figures/popN_curve.png Graphic file (type png)
<use figures/popN_curve.png>
Package pdftex.def Info: figures/popN_curve.png  used on input line 769.
(pdftex.def)             Requested size: 230.90128pt x 141.311pt.


LaTeX Warning: `h' float specifier changed to `ht'.

[17 <./figures/nordborg_curve.png>]
<figures/c_curve.png, id=197, 334.24875pt x 208.98074pt>
File: figures/c_curve.png Graphic file (type png)
<use figures/c_curve.png>
Package pdftex.def Info: figures/c_curve.png  used on input line 787.
(pdftex.def)             Requested size: 230.90128pt x 144.36905pt.
<figures/sampn_curve.png, id=199, 334.24875pt x 211.992pt>
File: figures/sampn_curve.png Graphic file (type png)
<use figures/sampn_curve.png>
Package pdftex.def Info: figures/sampn_curve.png  used on input line 801.
(pdftex.def)             Requested size: 230.90128pt x 146.4493pt.


LaTeX Warning: `h' float specifier changed to `ht'.

[18 <./figures/popN_curve.png> <./figures/c_curve.png>]
<figures/Ne3400_c01_meann.png, id=208, 360.1455pt x 210.18526pt>
File: figures/Ne3400_c01_meann.png Graphic file (type png)
<use figures/Ne3400_c01_meann.png>
Package pdftex.def Info: figures/Ne3400_c01_meann.png  used on input line 819.
(pdftex.def)             Requested size: 123.151pt x 71.87254pt.
<figures/Ne10000_c01_meann.png, id=210, 360.1455pt x 208.98074pt>
File: figures/Ne10000_c01_meann.png Graphic file (type png)
<use figures/Ne10000_c01_meann.png>
Package pdftex.def Info: figures/Ne10000_c01_meann.png  used on input line 826.

(pdftex.def)             Requested size: 123.151pt x 71.46066pt.
<figures/Ne3400_c1_meann.png, id=212, 360.1455pt x 208.98074pt>
File: figures/Ne3400_c1_meann.png Graphic file (type png)
<use figures/Ne3400_c1_meann.png>
Package pdftex.def Info: figures/Ne3400_c1_meann.png  used on input line 833.
(pdftex.def)             Requested size: 123.151pt x 71.46066pt.
<figures/Ne10000_c1_meann.png, id=214, 366.168pt x 208.98074pt>
File: figures/Ne10000_c1_meann.png Graphic file (type png)
<use figures/Ne10000_c1_meann.png>
Package pdftex.def Info: figures/Ne10000_c1_meann.png  used on input line 840.
(pdftex.def)             Requested size: 123.151pt x 70.28401pt.
<figures/Ne3400_c01_histloss.png, id=216, 350.5095pt x 208.98074pt>
File: figures/Ne3400_c01_histloss.png Graphic file (type png)
<use figures/Ne3400_c01_histloss.png>
Package pdftex.def Info: figures/Ne3400_c01_histloss.png  used on input line 85
6.
(pdftex.def)             Requested size: 123.151pt x 73.42496pt.
<figures/Ne10000_c01_histloss.png, id=218, 350.5095pt x 208.98074pt>
File: figures/Ne10000_c01_histloss.png Graphic file (type png)
<use figures/Ne10000_c01_histloss.png>
Package pdftex.def Info: figures/Ne10000_c01_histloss.png  used on input line 8
63.
(pdftex.def)             Requested size: 123.151pt x 73.42496pt.
<figures/Ne3400_c1_histloss.png, id=220, 351.11176pt x 208.98074pt>
File: figures/Ne3400_c1_histloss.png Graphic file (type png)
<use figures/Ne3400_c1_histloss.png>
Package pdftex.def Info: figures/Ne3400_c1_histloss.png  used on input line 870
.
(pdftex.def)             Requested size: 123.151pt x 73.29741pt.
<figures/Ne10000_c1_histloss.png, id=222, 351.714pt x 208.98074pt>
File: figures/Ne10000_c1_histloss.png Graphic file (type png)
<use figures/Ne10000_c1_histloss.png>
Package pdftex.def Info: figures/Ne10000_c1_histloss.png  used on input line 87
7.
(pdftex.def)             Requested size: 123.151pt x 73.17305pt.


LaTeX Warning: `h' float specifier changed to `ht'.

<figures/Ne3400_c01_histfrac.png, id=224, 348.1005pt x 208.98074pt>
File: figures/Ne3400_c01_histfrac.png Graphic file (type png)
<use figures/Ne3400_c01_histfrac.png>
Package pdftex.def Info: figures/Ne3400_c01_histfrac.png  used on input line 89
1.
(pdftex.def)             Requested size: 123.151pt x 73.93198pt.
<figures/Ne10000_c01_histfrac.png, id=226, 342.078pt x 208.98074pt>
File: figures/Ne10000_c01_histfrac.png Graphic file (type png)
<use figures/Ne10000_c01_histfrac.png>
Package pdftex.def Info: figures/Ne10000_c01_histfrac.png  used on input line 8
98.
(pdftex.def)             Requested size: 123.151pt x 75.23619pt.
<figures/Ne3400_c1_histfrac.png, id=228, 342.078pt x 208.98074pt>
File: figures/Ne3400_c1_histfrac.png Graphic file (type png)
<use figures/Ne3400_c1_histfrac.png>
Package pdftex.def Info: figures/Ne3400_c1_histfrac.png  used on input line 905
.
(pdftex.def)             Requested size: 123.151pt x 75.23619pt.
<figures/Ne10000_c1_histfrac.png, id=230, 342.078pt x 208.98074pt>
File: figures/Ne10000_c1_histfrac.png Graphic file (type png)
<use figures/Ne10000_c1_histfrac.png>
Package pdftex.def Info: figures/Ne10000_c1_histfrac.png  used on input line 91
2.
(pdftex.def)             Requested size: 123.151pt x 75.23619pt.

LaTeX Warning: `h' float specifier changed to `ht'.

[19 <./figures/sampn_curve.png> <./figures/Ne3400_c01_meann.png> <./figures/Ne1
0000_c01_meann.png> <./figures/Ne3400_c1_meann.png> <./figures/Ne10000_c1_meann
.png>]

LaTeX Warning: `h' float specifier changed to `ht'.

<figures/ccurve_exp.png, id=246, 334.24875pt x 208.98074pt>
File: figures/ccurve_exp.png Graphic file (type png)
<use figures/ccurve_exp.png>
Package pdftex.def Info: figures/ccurve_exp.png  used on input line 976.
(pdftex.def)             Requested size: 230.90128pt x 144.36905pt.

LaTeX Warning: `h' float specifier changed to `ht'.

[20 <./figures/Ne3400_c01_histloss.png> <./figures/Ne10000_c01_histloss.png> <.
/figures/Ne3400_c1_histloss.png> <./figures/Ne10000_c1_histloss.png> <./figures
/Ne3400_c01_histfrac.png> <./figures/Ne10000_c01_histfrac.png> <./figures/Ne340
0_c1_histfrac.png> <./figures/Ne10000_c1_histfrac.png>]
Underfull \hbox (badness 10000) in paragraph at lines 997--998

 []


Underfull \hbox (badness 10000) in paragraph at lines 999--1001

 []

[21 <./figures/ccurve_exp.png>] [22]
(/usr/local/texlive/2018/texmf-dist/tex/latex/listings/lstlang1.sty
File: lstlang1.sty 2015/06/04 1.6 listings language file
)
(./trees.py
LaTeX Font Info:    Try loading font information for OMS+cmr on input line 2.
 (/usr/local/texlive/2018/texmf-dist/tex/latex/base/omscmr.fd
File: omscmr.fd 2014/09/29 v2.5h Standard LaTeX font definitions
)
LaTeX Font Info:    Font shape `OMS/cmr/m/it' in size <10> not available
(Font)              Font shape `OMS/cmsy/m/n' tried instead on input line 2.
LaTeX Font Info:    Font shape `OMS/cmr/m/n' in size <10> not available
(Font)              Font shape `OMS/cmsy/m/n' tried instead on input line 17.
LaTeX Font Info:    Try loading font information for OML+cmr on input line 30.

(/usr/local/texlive/2018/texmf-dist/tex/latex/base/omlcmr.fd
File: omlcmr.fd 2014/09/29 v2.5h Standard LaTeX font definitions
)
LaTeX Font Info:    Font shape `OML/cmr/m/n' in size <10> not available
(Font)              Font shape `OML/cmm/m/it' tried instead on input line 30.
 [23]
Overfull \hbox (20.88799pt too wide) in paragraph at lines 73--74
[][][][][][][][][][][][][][][][][][][][][][][][][][][][][][][][][][][][][][][] 

 []


Overfull \hbox (2.8878pt too wide) in paragraph at lines 86--87
[][][][][][][][][][][][][][][][][][][][][][][][][][][][][][][][][][] 
 []

[24] [25]) (./selection.py [26] [27]
Overfull \hbox (32.8881pt too wide) in paragraph at lines 128--129
[][][][][][][][][][][][][][][][][][][][][][][][][][][][][][][] 
 []

[28] [29]
Overfull \hbox (38.88817pt too wide) in paragraph at lines 213--214
[][][][][][][][][][][][][][][][][][][][][][][][][][][][][][] 
 []


Overfull \hbox (50.88829pt too wide) in paragraph at lines 214--215
[][][][][][][][][][][][][][][][][][][][][][][][][][][][][][] 
 []


Overfull \hbox (38.88817pt too wide) in paragraph at lines 215--217
[][][][][][][][][][][][][][][][][][][][][][][][][][][][][][] 
 []

) (./ancestral.py [30] [31]
LaTeX Font Info:    Font shape `OML/cmr/m/it' in size <10> not available
(Font)              Font shape `OML/cmm/m/it' tried instead on input line 102.
 [32]) [33] (./pg2_303039534.aux)

LaTeX Warning: There were multiply-defined labels.

 ) 
Here is how much of TeX's memory you used:
 7308 strings out of 492649
 106293 string characters out of 6129622
 226592 words of memory out of 5000000
 11026 multiletter control sequences out of 15000+600000
 10965 words of font info for 42 fonts, out of 8000000 for 9000
 1141 hyphenation exceptions out of 8191
 41i,10n,43p,1106b,1733s stack positions out of 5000i,500n,10000p,200000b,80000s
</usr/local/texlive/2018/texmf-dist/fonts/type1/public/amsfonts/cm/cmbx10.pfb
></usr/local/texlive/2018/texmf-dist/fonts/type1/public/amsfonts/cm/cmbx12.pfb>
</usr/local/texlive/2018/texmf-dist/fonts/type1/public/amsfonts/cm/cmex10.pfb><
/usr/local/texlive/2018/texmf-dist/fonts/type1/public/amsfonts/cm/cmmi10.pfb></
usr/local/texlive/2018/texmf-dist/fonts/type1/public/amsfonts/cm/cmmi5.pfb></us
r/local/texlive/2018/texmf-dist/fonts/type1/public/amsfonts/cm/cmmi6.pfb></usr/
local/texlive/2018/texmf-dist/fonts/type1/public/amsfonts/cm/cmmi7.pfb></usr/lo
cal/texlive/2018/texmf-dist/fonts/type1/public/amsfonts/cm/cmmi9.pfb></usr/loca
l/texlive/2018/texmf-dist/fonts/type1/public/amsfonts/cm/cmr10.pfb></usr/local/
texlive/2018/texmf-dist/fonts/type1/public/amsfonts/cm/cmr5.pfb></usr/local/tex
live/2018/texmf-dist/fonts/type1/public/amsfonts/cm/cmr6.pfb></usr/local/texliv
e/2018/texmf-dist/fonts/type1/public/amsfonts/cm/cmr7.pfb></usr/local/texlive/2
018/texmf-dist/fonts/type1/public/amsfonts/cm/cmr9.pfb></usr/local/texlive/2018
/texmf-dist/fonts/type1/public/amsfonts/cm/cmsl10.pfb></usr/local/texlive/2018/
texmf-dist/fonts/type1/public/amsfonts/cm/cmsy10.pfb></usr/local/texlive/2018/t
exmf-dist/fonts/type1/public/amsfonts/cm/cmsy6.pfb></usr/local/texlive/2018/tex
mf-dist/fonts/type1/public/amsfonts/cm/cmsy7.pfb></usr/local/texlive/2018/texmf
-dist/fonts/type1/public/amsfonts/cm/cmsy9.pfb></usr/local/texlive/2018/texmf-d
ist/fonts/type1/public/amsfonts/cm/cmti10.pfb>
Output written on pg2_303039534.pdf (33 pages, 950045 bytes).
PDF statistics:
 372 PDF objects out of 1000 (max. 8388607)
 179 compressed objects within 2 object streams
 0 named destinations out of 1000 (max. 500000)
 508 words of extra memory for PDF output out of 10000 (max. 10000000)

