This is pdfTeX, Version 3.14159265-2.6-1.40.19 (TeX Live 2018) (preloaded format=pdflatex 2018.4.16)  29 MAR 2019 10:51
entering extended mode
 restricted \write18 enabled.
 %&-line parsing enabled.
**ce2_303039534.tex
(./ce2_303039534.tex
LaTeX2e <2018-04-01> patch level 2
Babel <3.18> and hyphenation patterns for 84 language(s) loaded.
(/usr/local/texlive/2018/texmf-dist/tex/latex/base/article.cls
Document Class: article 2014/09/29 v1.4h Standard LaTeX document class
(/usr/local/texlive/2018/texmf-dist/tex/latex/base/size10.clo
File: size10.clo 2014/09/29 v1.4h Standard LaTeX file (size option)
)
\c@part=\count80
\c@section=\count81
\c@subsection=\count82
\c@subsubsection=\count83
\c@paragraph=\count84
\c@subparagraph=\count85
\c@figure=\count86
\c@table=\count87
\abovecaptionskip=\skip41
\belowcaptionskip=\skip42
\bibindent=\dimen102
)
(/usr/local/texlive/2018/texmf-dist/tex/latex/geometry/geometry.sty
Package: geometry 2018/03/24 v5.7 Page Geometry

(/usr/local/texlive/2018/texmf-dist/tex/latex/graphics/keyval.sty
Package: keyval 2014/10/28 v1.15 key=value parser (DPC)
\KV@toks@=\toks14
)
(/usr/local/texlive/2018/texmf-dist/tex/generic/oberdiek/ifpdf.sty
Package: ifpdf 2017/03/15 v3.2 Provides the ifpdf switch
)
(/usr/local/texlive/2018/texmf-dist/tex/generic/oberdiek/ifvtex.sty
Package: ifvtex 2016/05/16 v1.6 Detect VTeX and its facilities (HO)
Package ifvtex Info: VTeX not detected.
)
(/usr/local/texlive/2018/texmf-dist/tex/generic/ifxetex/ifxetex.sty
Package: ifxetex 2010/09/12 v0.6 Provides ifxetex conditional
)
\Gm@cnth=\count88
\Gm@cntv=\count89
\c@Gm@tempcnt=\count90
\Gm@bindingoffset=\dimen103
\Gm@wd@mp=\dimen104
\Gm@odd@mp=\dimen105
\Gm@even@mp=\dimen106
\Gm@layoutwidth=\dimen107
\Gm@layoutheight=\dimen108
\Gm@layouthoffset=\dimen109
\Gm@layoutvoffset=\dimen110
\Gm@dimlist=\toks15
)
(/usr/local/texlive/2018/texmf-dist/tex/latex/parskip/parskip.sty
Package: parskip 2001/04/09 non-zero parskip adjustments
)
(/usr/local/texlive/2018/texmf-dist/tex/latex/base/inputenc.sty
Package: inputenc 2018/04/06 v1.3b Input encoding file
\inpenc@prehook=\toks16
\inpenc@posthook=\toks17
)
(/usr/local/texlive/2018/texmf-dist/tex/latex/amsmath/amsmath.sty
Package: amsmath 2017/09/02 v2.17a AMS math features
\@mathmargin=\skip43

For additional information on amsmath, use the `?' option.
(/usr/local/texlive/2018/texmf-dist/tex/latex/amsmath/amstext.sty
Package: amstext 2000/06/29 v2.01 AMS text

(/usr/local/texlive/2018/texmf-dist/tex/latex/amsmath/amsgen.sty
File: amsgen.sty 1999/11/30 v2.0 generic functions
\@emptytoks=\toks18
\ex@=\dimen111
))
(/usr/local/texlive/2018/texmf-dist/tex/latex/amsmath/amsbsy.sty
Package: amsbsy 1999/11/29 v1.2d Bold Symbols
\pmbraise@=\dimen112
)
(/usr/local/texlive/2018/texmf-dist/tex/latex/amsmath/amsopn.sty
Package: amsopn 2016/03/08 v2.02 operator names
)
\inf@bad=\count91
LaTeX Info: Redefining \frac on input line 213.
\uproot@=\count92
\leftroot@=\count93
LaTeX Info: Redefining \overline on input line 375.
\classnum@=\count94
\DOTSCASE@=\count95
LaTeX Info: Redefining \ldots on input line 472.
LaTeX Info: Redefining \dots on input line 475.
LaTeX Info: Redefining \cdots on input line 596.
\Mathstrutbox@=\box26
\strutbox@=\box27
\big@size=\dimen113
LaTeX Font Info:    Redeclaring font encoding OML on input line 712.
LaTeX Font Info:    Redeclaring font encoding OMS on input line 713.
\macc@depth=\count96
\c@MaxMatrixCols=\count97
\dotsspace@=\muskip10
\c@parentequation=\count98
\dspbrk@lvl=\count99
\tag@help=\toks19
\row@=\count100
\column@=\count101
\maxfields@=\count102
\andhelp@=\toks20
\eqnshift@=\dimen114
\alignsep@=\dimen115
\tagshift@=\dimen116
\tagwidth@=\dimen117
\totwidth@=\dimen118
\lineht@=\dimen119
\@envbody=\toks21
\multlinegap=\skip44
\multlinetaggap=\skip45
\mathdisplay@stack=\toks22
LaTeX Info: Redefining \[ on input line 2817.
LaTeX Info: Redefining \] on input line 2818.
)
(/usr/local/texlive/2018/texmf-dist/tex/latex/amsfonts/amssymb.sty
Package: amssymb 2013/01/14 v3.01 AMS font symbols

(/usr/local/texlive/2018/texmf-dist/tex/latex/amsfonts/amsfonts.sty
Package: amsfonts 2013/01/14 v3.01 Basic AMSFonts support
\symAMSa=\mathgroup4
\symAMSb=\mathgroup5
LaTeX Font Info:    Overwriting math alphabet `\mathfrak' in version `bold'
(Font)                  U/euf/m/n --> U/euf/b/n on input line 106.
))
(/usr/local/texlive/2018/texmf-dist/tex/latex/amscls/amsthm.sty
Package: amsthm 2017/10/31 v2.20.4
\thm@style=\toks23
\thm@bodyfont=\toks24
\thm@headfont=\toks25
\thm@notefont=\toks26
\thm@headpunct=\toks27
\thm@preskip=\skip46
\thm@postskip=\skip47
\thm@headsep=\skip48
\dth@everypar=\toks28
)
(/usr/local/texlive/2018/texmf-dist/tex/latex/graphics/graphicx.sty
Package: graphicx 2017/06/01 v1.1a Enhanced LaTeX Graphics (DPC,SPQR)

(/usr/local/texlive/2018/texmf-dist/tex/latex/graphics/graphics.sty
Package: graphics 2017/06/25 v1.2c Standard LaTeX Graphics (DPC,SPQR)

(/usr/local/texlive/2018/texmf-dist/tex/latex/graphics/trig.sty
Package: trig 2016/01/03 v1.10 sin cos tan (DPC)
)
(/usr/local/texlive/2018/texmf-dist/tex/latex/graphics-cfg/graphics.cfg
File: graphics.cfg 2016/06/04 v1.11 sample graphics configuration
)
Package graphics Info: Driver file: pdftex.def on input line 99.

(/usr/local/texlive/2018/texmf-dist/tex/latex/graphics-def/pdftex.def
File: pdftex.def 2018/01/08 v1.0l Graphics/color driver for pdftex
))
\Gin@req@height=\dimen120
\Gin@req@width=\dimen121
)
(/usr/local/texlive/2018/texmf-dist/tex/latex/caption/caption.sty
Package: caption 2016/02/21 v3.3-144 Customizing captions (AR)

(/usr/local/texlive/2018/texmf-dist/tex/latex/caption/caption3.sty
Package: caption3 2016/05/22 v1.7-166 caption3 kernel (AR)
Package caption3 Info: TeX engine: e-TeX on input line 67.
\captionmargin=\dimen122
\captionmargin@=\dimen123
\captionwidth=\dimen124
\caption@tempdima=\dimen125
\caption@indent=\dimen126
\caption@parindent=\dimen127
\caption@hangindent=\dimen128
)
\c@ContinuedFloat=\count103
)
(/usr/local/texlive/2018/texmf-dist/tex/latex/caption/subcaption.sty
Package: subcaption 2016/05/22 v1.1-161 Sub-captions (AR)
\c@subfigure=\count104
\c@subtable=\count105
)
(/usr/local/texlive/2018/texmf-dist/tex/latex/listings/listings.sty
\lst@mode=\count106
\lst@gtempboxa=\box28
\lst@token=\toks29
\lst@length=\count107
\lst@currlwidth=\dimen129
\lst@column=\count108
\lst@pos=\count109
\lst@lostspace=\dimen130
\lst@width=\dimen131
\lst@newlines=\count110
\lst@lineno=\count111
\lst@maxwidth=\dimen132

(/usr/local/texlive/2018/texmf-dist/tex/latex/listings/lstmisc.sty
File: lstmisc.sty 2015/06/04 1.6 (Carsten Heinz)
\c@lstnumber=\count112
\lst@skipnumbers=\count113
\lst@framebox=\box29
)
(/usr/local/texlive/2018/texmf-dist/tex/latex/listings/listings.cfg
File: listings.cfg 2015/06/04 1.6 listings configuration
))
Package: listings 2015/06/04 1.6 (Carsten Heinz)

(/usr/local/texlive/2018/texmf-dist/tex/latex/braket/braket.sty)
(/usr/local/texlive/2018/texmf-dist/tex/latex/was/gensymb.sty
Package: gensymb 2003/07/02 v1.0 (WaS)
)
(/usr/local/texlive/2018/texmf-dist/tex/latex/overpic/overpic.sty
Package: overpic 2017/10/06 1.0 picture overlays

(/usr/local/texlive/2018/texmf-dist/tex/latex/eepic/epic.sty
Enhancements to Picture Environment. Version 1.2 - Released June 1, 1986
\@@multicnt=\count114
\d@lta=\count115
\@delta=\dimen133
\@@delta=\dimen134
\@gridcnt=\count116
\@joinkind=\count117
\@dotgap=\dimen135
\@ddotgap=\dimen136
\@x@diff=\count118
\@y@diff=\count119
\x@diff=\dimen137
\y@diff=\dimen138
\@dotbox=\box30
\num@segments=\count120
\num@segmentsi=\count121
\@datafile=\read1
)) (/usr/local/texlive/2018/texmf-dist/tex/latex/xcolor/xcolor.sty
Package: xcolor 2016/05/11 v2.12 LaTeX color extensions (UK)

(/usr/local/texlive/2018/texmf-dist/tex/latex/graphics-cfg/color.cfg
File: color.cfg 2016/01/02 v1.6 sample color configuration
)
Package xcolor Info: Driver file: pdftex.def on input line 225.
Package xcolor Info: Model `cmy' substituted by `cmy0' on input line 1348.
Package xcolor Info: Model `hsb' substituted by `rgb' on input line 1352.
Package xcolor Info: Model `RGB' extended on input line 1364.
Package xcolor Info: Model `HTML' substituted by `rgb' on input line 1366.
Package xcolor Info: Model `Hsb' substituted by `hsb' on input line 1367.
Package xcolor Info: Model `tHsb' substituted by `hsb' on input line 1368.
Package xcolor Info: Model `HSB' substituted by `hsb' on input line 1369.
Package xcolor Info: Model `Gray' substituted by `gray' on input line 1370.
Package xcolor Info: Model `wave' substituted by `hsb' on input line 1371.
)
(/usr/local/texlive/2018/texmf-dist/tex/latex/varwidth/varwidth.sty
Package: varwidth 2009/03/30 ver 0.92;  Variable-width minipages
\@vwid@box=\box31
\sift@deathcycles=\count122
\@vwid@loff=\dimen139
\@vwid@roff=\dimen140
)
(/usr/local/texlive/2018/texmf-dist/tex/latex/titling/titling.sty
Package: titling 2009/09/04 v2.1d maketitle typesetting
\thanksmarkwidth=\skip49
\thanksmargin=\skip50
\droptitle=\skip51
)
(/usr/local/texlive/2018/texmf-dist/tex/latex/titlesec/titlesec.sty
Package: titlesec 2016/03/21 v2.10.2 Sectioning titles
\ttl@box=\box32
\beforetitleunit=\skip52
\aftertitleunit=\skip53
\ttl@plus=\dimen141
\ttl@minus=\dimen142
\ttl@toksa=\toks30
\titlewidth=\dimen143
\titlewidthlast=\dimen144
\titlewidthfirst=\dimen145
)
(./ce2_303039534.aux)
\openout1 = `ce2_303039534.aux'.

LaTeX Font Info:    Checking defaults for OML/cmm/m/it on input line 45.
LaTeX Font Info:    ... okay on input line 45.
LaTeX Font Info:    Checking defaults for T1/cmr/m/n on input line 45.
LaTeX Font Info:    ... okay on input line 45.
LaTeX Font Info:    Checking defaults for OT1/cmr/m/n on input line 45.
LaTeX Font Info:    ... okay on input line 45.
LaTeX Font Info:    Checking defaults for OMS/cmsy/m/n on input line 45.
LaTeX Font Info:    ... okay on input line 45.
LaTeX Font Info:    Checking defaults for OMX/cmex/m/n on input line 45.
LaTeX Font Info:    ... okay on input line 45.
LaTeX Font Info:    Checking defaults for U/cmr/m/n on input line 45.
LaTeX Font Info:    ... okay on input line 45.

*geometry* driver: auto-detecting
*geometry* detected driver: pdftex
*geometry* verbose mode - [ preamble ] result:
* driver: pdftex
* paper: <default>
* layout: <same size as paper>
* layoutoffset:(h,v)=(0.0pt,0.0pt)
* modes: 
* h-part:(L,W,R)=(50.58878pt, 513.11745pt, 50.58878pt)
* v-part:(T,H,B)=(50.58878pt, 693.79243pt, 50.58878pt)
* \paperwidth=614.295pt
* \paperheight=794.96999pt
* \textwidth=513.11745pt
* \textheight=693.79243pt
* \oddsidemargin=-21.68121pt
* \evensidemargin=-21.68121pt
* \topmargin=-58.68121pt
* \headheight=12.0pt
* \headsep=25.0pt
* \topskip=10.0pt
* \footskip=30.0pt
* \marginparwidth=65.0pt
* \marginparsep=11.0pt
* \columnsep=10.0pt
* \skip\footins=9.0pt plus 4.0pt minus 2.0pt
* \hoffset=0.0pt
* \voffset=0.0pt
* \mag=1000
* \@twocolumnfalse
* \@twosidefalse
* \@mparswitchfalse
* \@reversemarginfalse
* (1in=72.27pt=25.4mm, 1cm=28.453pt)

(/usr/local/texlive/2018/texmf-dist/tex/context/base/mkii/supp-pdf.mkii
[Loading MPS to PDF converter (version 2006.09.02).]
\scratchcounter=\count123
\scratchdimen=\dimen146
\scratchbox=\box33
\nofMPsegments=\count124
\nofMParguments=\count125
\everyMPshowfont=\toks31
\MPscratchCnt=\count126
\MPscratchDim=\dimen147
\MPnumerator=\count127
\makeMPintoPDFobject=\count128
\everyMPtoPDFconversion=\toks32
) (/usr/local/texlive/2018/texmf-dist/tex/latex/oberdiek/epstopdf-base.sty
Package: epstopdf-base 2016/05/15 v2.6 Base part for package epstopdf

(/usr/local/texlive/2018/texmf-dist/tex/generic/oberdiek/infwarerr.sty
Package: infwarerr 2016/05/16 v1.4 Providing info/warning/error messages (HO)
)
(/usr/local/texlive/2018/texmf-dist/tex/latex/oberdiek/grfext.sty
Package: grfext 2016/05/16 v1.2 Manage graphics extensions (HO)

(/usr/local/texlive/2018/texmf-dist/tex/generic/oberdiek/kvdefinekeys.sty
Package: kvdefinekeys 2016/05/16 v1.4 Define keys (HO)

(/usr/local/texlive/2018/texmf-dist/tex/generic/oberdiek/ltxcmds.sty
Package: ltxcmds 2016/05/16 v1.23 LaTeX kernel commands for general use (HO)
)))
(/usr/local/texlive/2018/texmf-dist/tex/latex/oberdiek/kvoptions.sty
Package: kvoptions 2016/05/16 v3.12 Key value format for package options (HO)

(/usr/local/texlive/2018/texmf-dist/tex/generic/oberdiek/kvsetkeys.sty
Package: kvsetkeys 2016/05/16 v1.17 Key value parser (HO)

(/usr/local/texlive/2018/texmf-dist/tex/generic/oberdiek/etexcmds.sty
Package: etexcmds 2016/05/16 v1.6 Avoid name clashes with e-TeX commands (HO)

(/usr/local/texlive/2018/texmf-dist/tex/generic/oberdiek/ifluatex.sty
Package: ifluatex 2016/05/16 v1.4 Provides the ifluatex switch (HO)
Package ifluatex Info: LuaTeX not detected.
)
Package etexcmds Info: Could not find \expanded.
(etexcmds)             That can mean that you are not using pdfTeX 1.50 or
(etexcmds)             that some package has redefined \expanded.
(etexcmds)             In the latter case, load this package earlier.
)))
(/usr/local/texlive/2018/texmf-dist/tex/generic/oberdiek/pdftexcmds.sty
Package: pdftexcmds 2018/01/30 v0.27 Utility functions of pdfTeX for LuaTeX (HO
)
Package pdftexcmds Info: LuaTeX not detected.
Package pdftexcmds Info: \pdf@primitive is available.
Package pdftexcmds Info: \pdf@ifprimitive is available.
Package pdftexcmds Info: \pdfdraftmode found.
)
Package epstopdf-base Info: Redefining graphics rule for `.eps' on input line 4
38.
Package grfext Info: Graphics extension search list:
(grfext)             [.pdf,.png,.jpg,.mps,.jpeg,.jbig2,.jb2,.PDF,.PNG,.JPG,.JPE
G,.JBIG2,.JB2,.eps]
(grfext)             \AppendGraphicsExtensions on input line 456.

(/usr/local/texlive/2018/texmf-dist/tex/latex/latexconfig/epstopdf-sys.cfg
File: epstopdf-sys.cfg 2010/07/13 v1.3 Configuration of (r)epstopdf for TeX Liv
e
))
Package caption Info: Begin \AtBeginDocument code.
Package caption Info: listings package is loaded.
Package caption Info: End \AtBeginDocument code.
\c@lstlisting=\count129
LaTeX Info: Redefining \celsius on input line 45.
Package gensymb Info: Faking symbols for \degree and \celsius on input line 45.



Package gensymb Warning: Not defining \perthousand.

LaTeX Info: Redefining \ohm on input line 45.
Package gensymb Info: Using \Omega for \ohm on input line 45.

Package gensymb Warning: Not defining \micro.

LaTeX Font Info:    Try loading font information for U+msa on input line 59.
(/usr/local/texlive/2018/texmf-dist/tex/latex/amsfonts/umsa.fd
File: umsa.fd 2013/01/14 v3.01 AMS symbols A
)
LaTeX Font Info:    Try loading font information for U+msb on input line 59.

(/usr/local/texlive/2018/texmf-dist/tex/latex/amsfonts/umsb.fd
File: umsb.fd 2013/01/14 v3.01 AMS symbols B
)
<tree1.png, id=1, 145.54375pt x 265.99374pt>
File: tree1.png Graphic file (type png)
<use tree1.png>
Package pdftex.def Info: tree1.png  used on input line 69.
(pdftex.def)             Requested size: 92.35738pt x 168.79456pt.

Underfull \hbox (badness 1383) in paragraph at lines 70--70
[]\OT1/cmr/m/n/9 (a) |Phy-lo-ge-netic tree
 []

<tree2.png, id=4, 576.1525pt x 660.4675pt>
File: tree2.png Graphic file (type png)
<use tree2.png>
Package pdftex.def Info: tree2.png  used on input line 76.
(pdftex.def)             Requested size: 148.80061pt x 170.57869pt.

Overfull \hbox (4.0778pt too wide) in paragraph at lines 96--105
 [][] 
 []


LaTeX Warning: `h' float specifier changed to `ht'.

[1

{/usr/local/texlive/2018/texmf-var/fonts/map/pdftex/updmap/pdftex.map} <./tree1
.png> <./tree2.png>]
<pyclone_analysis_0_7CN/realcols.png, id=24, 331.43825pt x 185.69376pt>
File: pyclone_analysis_0_7CN/realcols.png Graphic file (type png)
<use pyclone_analysis_0_7CN/realcols.png>
Package pdftex.def Info: pyclone_analysis_0_7CN/realcols.png  used on input lin
e 123.
(pdftex.def)             Requested size: 164.20134pt x 91.99944pt.
<pyclone_analysis_noCN/cols.png, id=26, 331.43825pt x 185.69376pt>
File: pyclone_analysis_noCN/cols.png Graphic file (type png)
<use pyclone_analysis_noCN/cols.png>
Package pdftex.def Info: pyclone_analysis_noCN/cols.png  used on input line 130
.
(pdftex.def)             Requested size: 164.20134pt x 91.99944pt.
<pyclone_analysis_0_7CN/cols.png, id=28, 331.43825pt x 185.69376pt>
File: pyclone_analysis_0_7CN/cols.png Graphic file (type png)
<use pyclone_analysis_0_7CN/cols.png>
Package pdftex.def Info: pyclone_analysis_0_7CN/cols.png  used on input line 13
7.
(pdftex.def)             Requested size: 164.20134pt x 91.99944pt.
File: pyclone_analysis_0_7CN/realcols.png Graphic file (type png)
<use pyclone_analysis_0_7CN/realcols.png>
Package pdftex.def Info: pyclone_analysis_0_7CN/realcols.png  used on input lin
e 153.
(pdftex.def)             Requested size: 164.20134pt x 91.99944pt.
<ccube_analysis_noCN/cols.png, id=31, 331.43825pt x 185.69376pt>
File: ccube_analysis_noCN/cols.png Graphic file (type png)
<use ccube_analysis_noCN/cols.png>
Package pdftex.def Info: ccube_analysis_noCN/cols.png  used on input line 160.
(pdftex.def)             Requested size: 164.20134pt x 91.99944pt.
<ccube_analysis_0_7CN/cols.png, id=33, 331.43825pt x 185.69376pt>
File: ccube_analysis_0_7CN/cols.png Graphic file (type png)
<use ccube_analysis_0_7CN/cols.png>
Package pdftex.def Info: ccube_analysis_0_7CN/cols.png  used on input line 167.

(pdftex.def)             Requested size: 164.20134pt x 91.99944pt.


LaTeX Warning: `h' float specifier changed to `ht'.

[2 <./pyclone_analysis_0_7CN/realcols.png> <./pyclone_analysis_noCN/cols.png> <
./pyclone_analysis_0_7CN/cols.png>]
File: ccube_analysis_noCN/cols.png Graphic file (type png)
<use ccube_analysis_noCN/cols.png>
Package pdftex.def Info: ccube_analysis_noCN/cols.png  used on input line 191.
(pdftex.def)             Requested size: 164.20134pt x 91.99944pt.
<ccube_analysis_0CN_100/cols.png, id=45, 323.80975pt x 182.6825pt>
File: ccube_analysis_0CN_100/cols.png Graphic file (type png)
<use ccube_analysis_0CN_100/cols.png>
Package pdftex.def Info: ccube_analysis_0CN_100/cols.png  used on input line 19
8.
(pdftex.def)             Requested size: 164.20134pt x 92.63998pt.
<ccube_analysis_0CN_20/cols.png, id=47, 335.2525pt x 182.6825pt>
File: ccube_analysis_0CN_20/cols.png Graphic file (type png)
<use ccube_analysis_0CN_20/cols.png>
Package pdftex.def Info: ccube_analysis_0CN_20/cols.png  used on input line 205
.
(pdftex.def)             Requested size: 164.20134pt x 89.47339pt.
File: ccube_analysis_0_7CN/cols.png Graphic file (type png)
<use ccube_analysis_0_7CN/cols.png>
Package pdftex.def Info: ccube_analysis_0_7CN/cols.png  used on input line 219.

(pdftex.def)             Requested size: 164.20134pt x 91.99944pt.
<ccube_analysis_7CN_100/cols.png, id=50, 323.80975pt x 182.6825pt>
File: ccube_analysis_7CN_100/cols.png Graphic file (type png)
<use ccube_analysis_7CN_100/cols.png>
Package pdftex.def Info: ccube_analysis_7CN_100/cols.png  used on input line 22
6.
(pdftex.def)             Requested size: 164.20134pt x 92.63998pt.
<ccube_analysis_7CN_20/cols.png, id=52, 335.2525pt x 182.6825pt>
File: ccube_analysis_7CN_20/cols.png Graphic file (type png)
<use ccube_analysis_7CN_20/cols.png>
Package pdftex.def Info: ccube_analysis_7CN_20/cols.png  used on input line 233
.
(pdftex.def)             Requested size: 164.20134pt x 89.47339pt.


LaTeX Warning: `h' float specifier changed to `ht'.

[3 <./ccube_analysis_noCN/cols.png> <./ccube_analysis_0_7CN/cols.png> <./ccube_
analysis_0CN_100/cols.png> <./ccube_analysis_0CN_20/cols.png>] [4 <./ccube_anal
ysis_7CN_100/cols.png> <./ccube_analysis_7CN_20/cols.png>]
<../ce1/graph.png, id=77, 396.48125pt x 463.7325pt>
File: ../ce1/graph.png Graphic file (type png)
<use ../ce1/graph.png>
Package pdftex.def Info: ../ce1/graph.png  used on input line 348.
(pdftex.def)             Requested size: 124.6856pt x 190.98964pt.


LaTeX Warning: `h' float specifier changed to `ht'.

[5]
<after_ccf_vaf.png, id=82, 289.08pt x 216.81pt>
File: after_ccf_vaf.png Graphic file (type png)
<use after_ccf_vaf.png>
Package pdftex.def Info: after_ccf_vaf.png  used on input line 383.
(pdftex.def)             Requested size: 153.9368pt x 112.58136pt.
<minor_ccf_vaf.png, id=84, 289.08pt x 216.81pt>
File: minor_ccf_vaf.png Graphic file (type png)
<use minor_ccf_vaf.png>
Package pdftex.def Info: minor_ccf_vaf.png  used on input line 390.
(pdftex.def)             Requested size: 153.9368pt x 112.58136pt.
<major_ccf_vaf.png, id=86, 289.08pt x 216.81pt>
File: major_ccf_vaf.png Graphic file (type png)
<use major_ccf_vaf.png>
Package pdftex.def Info: major_ccf_vaf.png  used on input line 397.
(pdftex.def)             Requested size: 153.9368pt x 112.58136pt.
 [6 <../ce1/graph.png> <./after_ccf_vaf.png> <./minor_ccf_vaf.png> <./major_ccf
_vaf.png>]
<after_bylocus.png, id=100, 289.08pt x 216.81pt>
File: after_bylocus.png Graphic file (type png)
<use after_bylocus.png>
Package pdftex.def Info: after_bylocus.png  used on input line 417.
(pdftex.def)             Requested size: 153.9368pt x 112.58136pt.
<minor_bylocus.png, id=102, 289.08pt x 216.81pt>
File: minor_bylocus.png Graphic file (type png)
<use minor_bylocus.png>
Package pdftex.def Info: minor_bylocus.png  used on input line 424.
(pdftex.def)             Requested size: 153.9368pt x 112.58136pt.
<major_bylocus.png, id=104, 289.08pt x 216.81pt>
File: major_bylocus.png Graphic file (type png)
<use major_bylocus.png>
Package pdftex.def Info: major_bylocus.png  used on input line 431.
(pdftex.def)             Requested size: 153.9368pt x 112.58136pt.
<pyclone_analysis_sim/realcols.png, id=106, 323.80975pt x 184.2885pt>
File: pyclone_analysis_sim/realcols.png Graphic file (type png)
<use pyclone_analysis_sim/realcols.png>
Package pdftex.def Info: pyclone_analysis_sim/realcols.png  used on input line 
461.
(pdftex.def)             Requested size: 164.20134pt x 93.4544pt.
<pyclone_analysis_sim/cols.png, id=108, 323.80975pt x 184.2885pt>
File: pyclone_analysis_sim/cols.png Graphic file (type png)
<use pyclone_analysis_sim/cols.png>
Package pdftex.def Info: pyclone_analysis_sim/cols.png  used on input line 468.

(pdftex.def)             Requested size: 164.20134pt x 93.4544pt.
<ccube_analysis_sim/cols.png, id=110, 323.80975pt x 184.2885pt>
File: ccube_analysis_sim/cols.png Graphic file (type png)
<use ccube_analysis_sim/cols.png>
Package pdftex.def Info: ccube_analysis_sim/cols.png  used on input line 475.
(pdftex.def)             Requested size: 164.20134pt x 93.4544pt.


LaTeX Warning: `h' float specifier changed to `ht'.

[7 <./after_bylocus.png> <./minor_bylocus.png> <./major_bylocus.png>]
<pyclone_analysis_sim50/realcols.png, id=122, 323.80975pt x 184.2885pt>
File: pyclone_analysis_sim50/realcols.png Graphic file (type png)
<use pyclone_analysis_sim50/realcols.png>
Package pdftex.def Info: pyclone_analysis_sim50/realcols.png  used on input lin
e 497.
(pdftex.def)             Requested size: 164.20134pt x 93.4544pt.
<pyclone_analysis_sim50/cols.png, id=124, 323.80975pt x 184.2885pt>
File: pyclone_analysis_sim50/cols.png Graphic file (type png)
<use pyclone_analysis_sim50/cols.png>
Package pdftex.def Info: pyclone_analysis_sim50/cols.png  used on input line 50
4.
(pdftex.def)             Requested size: 164.20134pt x 93.4544pt.
<ccube_analysis_sim50/cols.png, id=126, 323.80975pt x 184.2885pt>
File: ccube_analysis_sim50/cols.png Graphic file (type png)
<use ccube_analysis_sim50/cols.png>
Package pdftex.def Info: ccube_analysis_sim50/cols.png  used on input line 511.

(pdftex.def)             Requested size: 164.20134pt x 93.4544pt.
<pyclone_analysis_simdeep/realcols.png, id=128, 323.80975pt x 184.2885pt>
File: pyclone_analysis_simdeep/realcols.png Graphic file (type png)
<use pyclone_analysis_simdeep/realcols.png>
Package pdftex.def Info: pyclone_analysis_simdeep/realcols.png  used on input l
ine 526.
(pdftex.def)             Requested size: 164.20134pt x 93.4544pt.
<pyclone_analysis_simdeep/cols.png, id=130, 323.80975pt x 184.2885pt>
File: pyclone_analysis_simdeep/cols.png Graphic file (type png)
<use pyclone_analysis_simdeep/cols.png>
Package pdftex.def Info: pyclone_analysis_simdeep/cols.png  used on input line 
533.
(pdftex.def)             Requested size: 164.20134pt x 93.4544pt.
<ccube_analysis_simdeep/cols.png, id=132, 323.80975pt x 184.2885pt>
File: ccube_analysis_simdeep/cols.png Graphic file (type png)
<use ccube_analysis_simdeep/cols.png>
Package pdftex.def Info: ccube_analysis_simdeep/cols.png  used on input line 54
0.
(pdftex.def)             Requested size: 164.20134pt x 93.4544pt.


LaTeX Warning: `h' float specifier changed to `ht'.

[8 <./pyclone_analysis_sim/realcols.png> <./pyclone_analysis_sim/cols.png> <./c
cube_analysis_sim/cols.png> <./pyclone_analysis_sim50/realcols.png> <./pyclone_
analysis_sim50/cols.png> <./ccube_analysis_sim50/cols.png>]
<metastasis_tree.png, id=149, 605.26125pt x 397.485pt>
File: metastasis_tree.png Graphic file (type png)
<use metastasis_tree.png>
Package pdftex.def Info: metastasis_tree.png  used on input line 562.
(pdftex.def)             Requested size: 307.8736pt x 202.187pt.
 [9 <./pyclone_analysis_simdeep/realcols.png> <./pyclone_analysis_simdeep/cols.
png> <./ccube_analysis_simdeep/cols.png> <./metastasis_tree.png>]
<meta_early.png, id=162, 223.43475pt x 208.98074pt>
File: meta_early.png Graphic file (type png)
<use meta_early.png>
Package pdftex.def Info: meta_early.png  used on input line 579.
(pdftex.def)             Requested size: 153.9368pt x 143.9864pt.
<meta_late.png, id=164, 223.43475pt x 208.98074pt>
File: meta_late.png Graphic file (type png)
<use meta_late.png>
Package pdftex.def Info: meta_late.png  used on input line 586.
(pdftex.def)             Requested size: 153.9368pt x 143.9864pt.
 [10 <./meta_early.png> <./meta_late.png>]
Underfull \hbox (badness 10000) in paragraph at lines 600--602

 []


Underfull \hbox (badness 10000) in paragraph at lines 600--602

 []

(/usr/local/texlive/2018/texmf-dist/tex/latex/listings/lstlang1.sty
File: lstlang1.sty 2015/06/04 1.6 listings language file
)
(./plot_data.py
LaTeX Font Info:    Try loading font information for OMS+cmr on input line 7.
 (/usr/local/texlive/2018/texmf-dist/tex/latex/base/omscmr.fd
File: omscmr.fd 2014/09/29 v2.5h Standard LaTeX font definitions
)
LaTeX Font Info:    Font shape `OMS/cmr/m/n' in size <10> not available
(Font)              Font shape `OMS/cmsy/m/n' tried instead on input line 7.

Overfull \hbox (2.8878pt too wide) in paragraph at lines 7--8
[][][][][][][][][][][][][][][][][][][][][][][][][][][] 
 []

LaTeX Font Info:    Try loading font information for OML+cmr on input line 19.
(/usr/local/texlive/2018/texmf-dist/tex/latex/base/omlcmr.fd
File: omlcmr.fd 2014/09/29 v2.5h Standard LaTeX font definitions
)
LaTeX Font Info:    Font shape `OML/cmr/m/n' in size <10> not available
(Font)              Font shape `OML/cmm/m/it' tried instead on input line 19.
 [11])
Underfull \hbox (badness 10000) in paragraph at lines 605--606

 []

(./plot_pyclone.py)
Underfull \hbox (badness 10000) in paragraph at lines 609--610

 []

(/usr/local/texlive/2018/texmf-dist/tex/latex/listings/lstlang1.sty
File: lstlang1.sty 2015/06/04 1.6 listings language file
)
(/usr/local/texlive/2018/texmf-dist/tex/latex/listings/lstlang2.sty
File: lstlang2.sty 2015/06/04 1.6 listings language file
)
(/usr/local/texlive/2018/texmf-dist/tex/latex/listings/lstlang3.sty
File: lstlang3.sty 2015/06/04 1.6 listings language file
)
(./run_ccube.r [12]
LaTeX Font Info:    Font shape `OML/cmr/bx/n' in size <10> not available
(Font)              Font shape `OML/cmm/b/it' tried instead on input line 26.
LaTeX Font Info:    Font shape `OMS/cmr/bx/n' in size <10> not available
(Font)              Font shape `OMS/cmsy/b/n' tried instead on input line 35.
)
Underfull \hbox (badness 10000) in paragraph at lines 613--614

 []

(./generate_data.py
LaTeX Font Info:    Font shape `OMS/cmr/m/it' in size <10> not available
(Font)              Font shape `OMS/cmsy/m/n' tried instead on input line 2.
 [13] [14] [15]
Overfull \hbox (14.88792pt too wide) in paragraph at lines 161--162
[][][][][][][][][][][][][][][][][][][][][][][][][][][][][][][][][][][][][][][][
][][][][][][] 
 []

)
Underfull \hbox (badness 10000) in paragraph at lines 617--618

 []

(./metastasis.py [16]) [17] (./ce2_303039534.aux) ) 
Here is how much of TeX's memory you used:
 7829 strings out of 492649
 109375 string characters out of 6129622
 240869 words of memory out of 5000000
 11548 multiletter control sequences out of 15000+600000
 9128 words of font info for 34 fonts, out of 8000000 for 9000
 1141 hyphenation exceptions out of 8191
 41i,9n,43p,847b,2234s stack positions out of 5000i,500n,10000p,200000b,80000s
</usr/local/texlive/2018/tex
mf-dist/fonts/type1/public/amsfonts/cm/cmbsy10.pfb></usr/local/texlive/2018/tex
mf-dist/fonts/type1/public/amsfonts/cm/cmbx10.pfb></usr/local/texlive/2018/texm
f-dist/fonts/type1/public/amsfonts/cm/cmbx12.pfb></usr/local/texlive/2018/texmf
-dist/fonts/type1/public/amsfonts/cm/cmbxti10.pfb></usr/local/texlive/2018/texm
f-dist/fonts/type1/public/amsfonts/cm/cmex10.pfb></usr/local/texlive/2018/texmf
-dist/fonts/type1/public/amsfonts/cm/cmmi10.pfb></usr/local/texlive/2018/texmf-
dist/fonts/type1/public/amsfonts/cm/cmmi5.pfb></usr/local/texlive/2018/texmf-di
st/fonts/type1/public/amsfonts/cm/cmmi7.pfb></usr/local/texlive/2018/texmf-dist
/fonts/type1/public/amsfonts/cm/cmmib10.pfb></usr/local/texlive/2018/texmf-dist
/fonts/type1/public/amsfonts/cm/cmr10.pfb></usr/local/texlive/2018/texmf-dist/f
onts/type1/public/amsfonts/cm/cmr7.pfb></usr/local/texlive/2018/texmf-dist/font
s/type1/public/amsfonts/cm/cmr9.pfb></usr/local/texlive/2018/texmf-dist/fonts/t
ype1/public/amsfonts/cm/cmsy10.pfb></usr/local/texlive/2018/texmf-dist/fonts/ty
pe1/public/amsfonts/cm/cmsy7.pfb></usr/local/texlive/2018/texmf-dist/fonts/type
1/public/amsfonts/cm/cmti10.pfb>
Output written on ce2_303039534.pdf (17 pages, 1311694 bytes).
PDF statistics:
 247 PDF objects out of 1000 (max. 8388607)
 118 compressed objects within 2 object streams
 0 named destinations out of 1000 (max. 500000)
 349 words of extra memory for PDF output out of 10000 (max. 10000000)

