This is pdfTeX, Version 3.14159265-2.6-1.40.19 (TeX Live 2018) (preloaded format=pdflatex 2018.4.16)  2 DEC 2018 16:23
entering extended mode
 restricted \write18 enabled.
 %&-line parsing enabled.
**fga2_303039534.tex
(./fga2_303039534.tex
LaTeX2e <2018-04-01> patch level 2
Babel <3.18> and hyphenation patterns for 84 language(s) loaded.
(/usr/local/texlive/2018/texmf-dist/tex/latex/base/article.cls
Document Class: article 2014/09/29 v1.4h Standard LaTeX document class
(/usr/local/texlive/2018/texmf-dist/tex/latex/base/size12.clo
File: size12.clo 2014/09/29 v1.4h Standard LaTeX file (size option)
)
\c@part=\count80
\c@section=\count81
\c@subsection=\count82
\c@subsubsection=\count83
\c@paragraph=\count84
\c@subparagraph=\count85
\c@figure=\count86
\c@table=\count87
\abovecaptionskip=\skip41
\belowcaptionskip=\skip42
\bibindent=\dimen102
)
(/usr/local/texlive/2018/texmf-dist/tex/latex/graphics/graphicx.sty
Package: graphicx 2017/06/01 v1.1a Enhanced LaTeX Graphics (DPC,SPQR)

(/usr/local/texlive/2018/texmf-dist/tex/latex/graphics/keyval.sty
Package: keyval 2014/10/28 v1.15 key=value parser (DPC)
\KV@toks@=\toks14
)
(/usr/local/texlive/2018/texmf-dist/tex/latex/graphics/graphics.sty
Package: graphics 2017/06/25 v1.2c Standard LaTeX Graphics (DPC,SPQR)

(/usr/local/texlive/2018/texmf-dist/tex/latex/graphics/trig.sty
Package: trig 2016/01/03 v1.10 sin cos tan (DPC)
)
(/usr/local/texlive/2018/texmf-dist/tex/latex/graphics-cfg/graphics.cfg
File: graphics.cfg 2016/06/04 v1.11 sample graphics configuration
)
Package graphics Info: Driver file: pdftex.def on input line 99.

(/usr/local/texlive/2018/texmf-dist/tex/latex/graphics-def/pdftex.def
File: pdftex.def 2018/01/08 v1.0l Graphics/color driver for pdftex
))
\Gin@req@height=\dimen103
\Gin@req@width=\dimen104
)
(/usr/local/texlive/2018/texmf-dist/tex/latex/graphics/color.sty
Package: color 2016/07/10 v1.1e Standard LaTeX Color (DPC)

(/usr/local/texlive/2018/texmf-dist/tex/latex/graphics-cfg/color.cfg
File: color.cfg 2016/01/02 v1.6 sample color configuration
)
Package color Info: Driver file: pdftex.def on input line 147.
)
(/usr/local/texlive/2018/texmf-dist/tex/latex/framed/framed.sty
Package: framed 2011/10/22 v 0.96: framed or shaded text with page breaks
\OuterFrameSep=\skip43
\fb@frw=\dimen105
\fb@frh=\dimen106
\FrameRule=\dimen107
\FrameSep=\dimen108
)
(/usr/local/texlive/2018/texmf-dist/tex/latex/base/alltt.sty
Package: alltt 1997/06/16 v2.0g defines alltt environment
)
(/usr/local/texlive/2018/texmf-dist/tex/latex/psnfss/mathpazo.sty
Package: mathpazo 2005/04/12 PSNFSS-v9.2a Palatino w/ Pazo Math (D.Puga, WaS) 
\symupright=\mathgroup4
)
(/usr/local/texlive/2018/texmf-dist/tex/latex/hyperref/hyperref.sty
Package: hyperref 2018/02/06 v6.86b Hypertext links for LaTeX

(/usr/local/texlive/2018/texmf-dist/tex/generic/oberdiek/hobsub-hyperref.sty
Package: hobsub-hyperref 2016/05/16 v1.14 Bundle oberdiek, subset hyperref (HO)


(/usr/local/texlive/2018/texmf-dist/tex/generic/oberdiek/hobsub-generic.sty
Package: hobsub-generic 2016/05/16 v1.14 Bundle oberdiek, subset generic (HO)
Package: hobsub 2016/05/16 v1.14 Construct package bundles (HO)
Package: infwarerr 2016/05/16 v1.4 Providing info/warning/error messages (HO)
Package: ltxcmds 2016/05/16 v1.23 LaTeX kernel commands for general use (HO)
Package: ifluatex 2016/05/16 v1.4 Provides the ifluatex switch (HO)
Package ifluatex Info: LuaTeX not detected.
Package: ifvtex 2016/05/16 v1.6 Detect VTeX and its facilities (HO)
Package ifvtex Info: VTeX not detected.
Package: intcalc 2016/05/16 v1.2 Expandable calculations with integers (HO)
Package: ifpdf 2017/03/15 v3.2 Provides the ifpdf switch
Package: etexcmds 2016/05/16 v1.6 Avoid name clashes with e-TeX commands (HO)
Package etexcmds Info: Could not find \expanded.
(etexcmds)             That can mean that you are not using pdfTeX 1.50 or
(etexcmds)             that some package has redefined \expanded.
(etexcmds)             In the latter case, load this package earlier.
Package: kvsetkeys 2016/05/16 v1.17 Key value parser (HO)
Package: kvdefinekeys 2016/05/16 v1.4 Define keys (HO)
Package: pdftexcmds 2018/01/30 v0.27 Utility functions of pdfTeX for LuaTeX (HO
)
Package pdftexcmds Info: LuaTeX not detected.
Package pdftexcmds Info: \pdf@primitive is available.
Package pdftexcmds Info: \pdf@ifprimitive is available.
Package pdftexcmds Info: \pdfdraftmode found.
Package: pdfescape 2016/05/16 v1.14 Implements pdfTeX's escape features (HO)
Package: bigintcalc 2016/05/16 v1.4 Expandable calculations on big integers (HO
)
Package: bitset 2016/05/16 v1.2 Handle bit-vector datatype (HO)
Package: uniquecounter 2016/05/16 v1.3 Provide unlimited unique counter (HO)
)
Package hobsub Info: Skipping package `hobsub' (already loaded).
Package: letltxmacro 2016/05/16 v1.5 Let assignment for LaTeX macros (HO)
Package: hopatch 2016/05/16 v1.3 Wrapper for package hooks (HO)
Package: xcolor-patch 2016/05/16 xcolor patch
Package: atveryend 2016/05/16 v1.9 Hooks at the very end of document (HO)
Package atveryend Info: \enddocument detected (standard20110627).
Package: atbegshi 2016/06/09 v1.18 At begin shipout hook (HO)
Package: refcount 2016/05/16 v3.5 Data extraction from label references (HO)
Package: hycolor 2016/05/16 v1.8 Color options for hyperref/bookmark (HO)
)
(/usr/local/texlive/2018/texmf-dist/tex/generic/ifxetex/ifxetex.sty
Package: ifxetex 2010/09/12 v0.6 Provides ifxetex conditional
)
(/usr/local/texlive/2018/texmf-dist/tex/latex/oberdiek/auxhook.sty
Package: auxhook 2016/05/16 v1.4 Hooks for auxiliary files (HO)
)
(/usr/local/texlive/2018/texmf-dist/tex/latex/oberdiek/kvoptions.sty
Package: kvoptions 2016/05/16 v3.12 Key value format for package options (HO)
)
\@linkdim=\dimen109
\Hy@linkcounter=\count88
\Hy@pagecounter=\count89

(/usr/local/texlive/2018/texmf-dist/tex/latex/hyperref/pd1enc.def
File: pd1enc.def 2018/02/06 v6.86b Hyperref: PDFDocEncoding definition (HO)
Now handling font encoding PD1 ...
... no UTF-8 mapping file for font encoding PD1
)
\Hy@SavedSpaceFactor=\count90

(/usr/local/texlive/2018/texmf-dist/tex/latex/latexconfig/hyperref.cfg
File: hyperref.cfg 2002/06/06 v1.2 hyperref configuration of TeXLive
)
Package hyperref Info: Hyper figures OFF on input line 4509.
Package hyperref Info: Link nesting OFF on input line 4514.
Package hyperref Info: Hyper index ON on input line 4517.
Package hyperref Info: Plain pages OFF on input line 4524.
Package hyperref Info: Backreferencing OFF on input line 4529.
Package hyperref Info: Implicit mode ON; LaTeX internals redefined.
Package hyperref Info: Bookmarks ON on input line 4762.
\c@Hy@tempcnt=\count91

(/usr/local/texlive/2018/texmf-dist/tex/latex/url/url.sty
\Urlmuskip=\muskip10
Package: url 2013/09/16  ver 3.4  Verb mode for urls, etc.
)
LaTeX Info: Redefining \url on input line 5115.
\XeTeXLinkMargin=\dimen110
\Fld@menulength=\count92
\Field@Width=\dimen111
\Fld@charsize=\dimen112
Package hyperref Info: Hyper figures OFF on input line 6369.
Package hyperref Info: Link nesting OFF on input line 6374.
Package hyperref Info: Hyper index ON on input line 6377.
Package hyperref Info: backreferencing OFF on input line 6384.
Package hyperref Info: Link coloring OFF on input line 6389.
Package hyperref Info: Link coloring with OCG OFF on input line 6394.
Package hyperref Info: PDF/A mode OFF on input line 6399.
LaTeX Info: Redefining \ref on input line 6439.
LaTeX Info: Redefining \pageref on input line 6443.
\Hy@abspage=\count93
\c@Item=\count94
\c@Hfootnote=\count95
)
Package hyperref Info: Driver (autodetected): hpdftex.

(/usr/local/texlive/2018/texmf-dist/tex/latex/hyperref/hpdftex.def
File: hpdftex.def 2018/02/06 v6.86b Hyperref driver for pdfTeX
\Fld@listcount=\count96
\c@bookmark@seq@number=\count97

(/usr/local/texlive/2018/texmf-dist/tex/latex/oberdiek/rerunfilecheck.sty
Package: rerunfilecheck 2016/05/16 v1.8 Rerun checks for auxiliary files (HO)
Package uniquecounter Info: New unique counter `rerunfilecheck' on input line 2
82.
)
\Hy@SectionHShift=\skip44
)
(/usr/local/texlive/2018/texmf-dist/tex/latex/geometry/geometry.sty
Package: geometry 2018/03/24 v5.7 Page Geometry
\Gm@cnth=\count98
\Gm@cntv=\count99
\c@Gm@tempcnt=\count100
\Gm@bindingoffset=\dimen113
\Gm@wd@mp=\dimen114
\Gm@odd@mp=\dimen115
\Gm@even@mp=\dimen116
\Gm@layoutwidth=\dimen117
\Gm@layoutheight=\dimen118
\Gm@layouthoffset=\dimen119
\Gm@layoutvoffset=\dimen120
\Gm@dimlist=\toks15
)
(/usr/local/texlive/2018/texmf-dist/tex/latex/amsmath/amsmath.sty
Package: amsmath 2017/09/02 v2.17a AMS math features
\@mathmargin=\skip45

For additional information on amsmath, use the `?' option.
(/usr/local/texlive/2018/texmf-dist/tex/latex/amsmath/amstext.sty
Package: amstext 2000/06/29 v2.01 AMS text

(/usr/local/texlive/2018/texmf-dist/tex/latex/amsmath/amsgen.sty
File: amsgen.sty 1999/11/30 v2.0 generic functions
\@emptytoks=\toks16
\ex@=\dimen121
))
(/usr/local/texlive/2018/texmf-dist/tex/latex/amsmath/amsbsy.sty
Package: amsbsy 1999/11/29 v1.2d Bold Symbols
\pmbraise@=\dimen122
)
(/usr/local/texlive/2018/texmf-dist/tex/latex/amsmath/amsopn.sty
Package: amsopn 2016/03/08 v2.02 operator names
)
\inf@bad=\count101
LaTeX Info: Redefining \frac on input line 213.
\uproot@=\count102
\leftroot@=\count103
LaTeX Info: Redefining \overline on input line 375.
\classnum@=\count104
\DOTSCASE@=\count105
LaTeX Info: Redefining \ldots on input line 472.
LaTeX Info: Redefining \dots on input line 475.
LaTeX Info: Redefining \cdots on input line 596.
\Mathstrutbox@=\box26
\strutbox@=\box27
\big@size=\dimen123
LaTeX Font Info:    Redeclaring font encoding OML on input line 712.
LaTeX Font Info:    Redeclaring font encoding OMS on input line 713.
\macc@depth=\count106
\c@MaxMatrixCols=\count107
\dotsspace@=\muskip11
\c@parentequation=\count108
\dspbrk@lvl=\count109
\tag@help=\toks17
\row@=\count110
\column@=\count111
\maxfields@=\count112
\andhelp@=\toks18
\eqnshift@=\dimen124
\alignsep@=\dimen125
\tagshift@=\dimen126
\tagwidth@=\dimen127
\totwidth@=\dimen128
\lineht@=\dimen129
\@envbody=\toks19
\multlinegap=\skip46
\multlinetaggap=\skip47
\mathdisplay@stack=\toks20
LaTeX Info: Redefining \[ on input line 2817.
LaTeX Info: Redefining \] on input line 2818.
)
(/usr/local/texlive/2018/texmf-dist/tex/latex/amsfonts/amssymb.sty
Package: amssymb 2013/01/14 v3.01 AMS font symbols

(/usr/local/texlive/2018/texmf-dist/tex/latex/amsfonts/amsfonts.sty
Package: amsfonts 2013/01/14 v3.01 Basic AMSFonts support
\symAMSa=\mathgroup5
\symAMSb=\mathgroup6
LaTeX Font Info:    Overwriting math alphabet `\mathfrak' in version `bold'
(Font)                  U/euf/m/n --> U/euf/b/n on input line 106.
))
(/usr/local/texlive/2018/texmf-dist/tex/latex/amscls/amsthm.sty
Package: amsthm 2017/10/31 v2.20.4
\thm@style=\toks21
\thm@bodyfont=\toks22
\thm@headfont=\toks23
\thm@notefont=\toks24
\thm@headpunct=\toks25
\thm@preskip=\skip48
\thm@postskip=\skip49
\thm@headsep=\skip50
\dth@everypar=\toks26
)
(/usr/local/texlive/2018/texmf-dist/tex/latex/xcolor/xcolor.sty
Package: xcolor 2016/05/11 v2.12 LaTeX color extensions (UK)

(/usr/local/texlive/2018/texmf-dist/tex/latex/graphics-cfg/color.cfg
File: color.cfg 2016/01/02 v1.6 sample color configuration
)
Package xcolor Info: Driver file: pdftex.def on input line 225.
LaTeX Info: Redefining \color on input line 709.
Package xcolor Info: Model `cmy' substituted by `cmy0' on input line 1348.
Package xcolor Info: Model `hsb' substituted by `rgb' on input line 1352.
Package xcolor Info: Model `RGB' extended on input line 1364.
Package xcolor Info: Model `HTML' substituted by `rgb' on input line 1366.
Package xcolor Info: Model `Hsb' substituted by `hsb' on input line 1367.
Package xcolor Info: Model `tHsb' substituted by `hsb' on input line 1368.
Package xcolor Info: Model `HSB' substituted by `hsb' on input line 1369.
Package xcolor Info: Model `Gray' substituted by `gray' on input line 1370.
Package xcolor Info: Model `wave' substituted by `hsb' on input line 1371.
)

Package hyperref Warning: Option `pdfusetitle' has already been used,
(hyperref)                setting the option has no effect on input line 88.


Package hyperref Warning: Option `bookmarks' has already been used,
(hyperref)                setting the option has no effect on input line 88.

Package hyperref Info: Option `bookmarksnumbered' set `true' on input line 88.
Package hyperref Info: Option `bookmarksopen' set `true' on input line 88.
Package hyperref Info: Option `unicode' set `true' on input line 88.
(/usr/local/texlive/2018/texmf-dist/tex/latex/hyperref/puenc.def
File: puenc.def 2018/02/06 v6.86b Hyperref: PDF Unicode definition (HO)
Now handling font encoding PU ...
... no UTF-8 mapping file for font encoding PU
)
Package hyperref Info: Option `breaklinks' set `false' on input line 88.


Package hyperref Warning: Option `hyperindex' has already been used,
(hyperref)                setting the option has no effect on input line 88.

Package hyperref Info: Option `colorlinks' set `true' on input line 88.
Package hyperref Info: Option `linktocpage' set `true' on input line 88.
Package hyperref Info: Option `plainpages' set `false' on input line 88.
(/usr/local/texlive/2018/texmf-dist/tex/latex/titling/titling.sty
Package: titling 2009/09/04 v2.1d maketitle typesetting
\thanksmarkwidth=\skip51
\thanksmargin=\skip52
\droptitle=\skip53
)
(/usr/local/texlive/2018/texmf-dist/tex/latex/titlesec/titlesec.sty
Package: titlesec 2016/03/21 v2.10.2 Sectioning titles
\ttl@box=\box28
\beforetitleunit=\skip54
\aftertitleunit=\skip55
\ttl@plus=\dimen130
\ttl@minus=\dimen131
\ttl@toksa=\toks27
\titlewidth=\dimen132
\titlewidthlast=\dimen133
\titlewidthfirst=\dimen134
)
(/usr/local/texlive/2018/texmf-dist/tex/latex/upquote/upquote.sty
Package: upquote 2012/04/19 v1.3 upright-quote and grave-accent glyphs in verba
tim
)
(./fga2_303039534.aux)
\openout1 = `fga2_303039534.aux'.

LaTeX Font Info:    Checking defaults for OML/cmm/m/it on input line 99.
LaTeX Font Info:    ... okay on input line 99.
LaTeX Font Info:    Checking defaults for T1/cmr/m/n on input line 99.
LaTeX Font Info:    ... okay on input line 99.
LaTeX Font Info:    Checking defaults for OT1/cmr/m/n on input line 99.
LaTeX Font Info:    ... okay on input line 99.
LaTeX Font Info:    Checking defaults for OMS/cmsy/m/n on input line 99.
LaTeX Font Info:    ... okay on input line 99.
LaTeX Font Info:    Checking defaults for OMX/cmex/m/n on input line 99.
LaTeX Font Info:    ... okay on input line 99.
LaTeX Font Info:    Checking defaults for U/cmr/m/n on input line 99.
LaTeX Font Info:    ... okay on input line 99.
LaTeX Font Info:    Checking defaults for PD1/pdf/m/n on input line 99.
LaTeX Font Info:    ... okay on input line 99.
LaTeX Font Info:    Checking defaults for PU/pdf/m/n on input line 99.
LaTeX Font Info:    ... okay on input line 99.
LaTeX Font Info:    Try loading font information for OT1+ppl on input line 99.

(/usr/local/texlive/2018/texmf-dist/tex/latex/psnfss/ot1ppl.fd
File: ot1ppl.fd 2001/06/04 font definitions for OT1/ppl.
)
(/usr/local/texlive/2018/texmf-dist/tex/context/base/mkii/supp-pdf.mkii
[Loading MPS to PDF converter (version 2006.09.02).]
\scratchcounter=\count113
\scratchdimen=\dimen135
\scratchbox=\box29
\nofMPsegments=\count114
\nofMParguments=\count115
\everyMPshowfont=\toks28
\MPscratchCnt=\count116
\MPscratchDim=\dimen136
\MPnumerator=\count117
\makeMPintoPDFobject=\count118
\everyMPtoPDFconversion=\toks29
) (/usr/local/texlive/2018/texmf-dist/tex/latex/oberdiek/epstopdf-base.sty
Package: epstopdf-base 2016/05/15 v2.6 Base part for package epstopdf

(/usr/local/texlive/2018/texmf-dist/tex/latex/oberdiek/grfext.sty
Package: grfext 2016/05/16 v1.2 Manage graphics extensions (HO)
)
Package epstopdf-base Info: Redefining graphics rule for `.eps' on input line 4
38.
Package grfext Info: Graphics extension search list:
(grfext)             [.pdf,.png,.jpg,.mps,.jpeg,.jbig2,.jb2,.PDF,.PNG,.JPG,.JPE
G,.JBIG2,.JB2,.eps]
(grfext)             \AppendGraphicsExtensions on input line 456.

(/usr/local/texlive/2018/texmf-dist/tex/latex/latexconfig/epstopdf-sys.cfg
File: epstopdf-sys.cfg 2010/07/13 v1.3 Configuration of (r)epstopdf for TeX Liv
e
))
\AtBeginShipoutBox=\box30
Package hyperref Info: Link coloring ON on input line 99.

(/usr/local/texlive/2018/texmf-dist/tex/latex/hyperref/nameref.sty
Package: nameref 2016/05/21 v2.44 Cross-referencing by name of section

(/usr/local/texlive/2018/texmf-dist/tex/generic/oberdiek/gettitlestring.sty
Package: gettitlestring 2016/05/16 v1.5 Cleanup title references (HO)
)
\c@section@level=\count119
)
LaTeX Info: Redefining \ref on input line 99.
LaTeX Info: Redefining \pageref on input line 99.
LaTeX Info: Redefining \nameref on input line 99.

(./fga2_303039534.out) (./fga2_303039534.out)
\@outlinefile=\write3
\openout3 = `fga2_303039534.out'.


*geometry* driver: auto-detecting
*geometry* detected driver: pdftex
*geometry* verbose mode - [ preamble ] result:
* driver: pdftex
* paper: a4paper
* layout: <same size as paper>
* layoutoffset:(h,v)=(0.0pt,0.0pt)
* modes: 
* h-part:(L,W,R)=(42.67912pt, 512.14963pt, 42.67912pt)
* v-part:(T,H,B)=(42.67912pt, 759.6886pt, 42.67912pt)
* \paperwidth=597.50787pt
* \paperheight=845.04684pt
* \textwidth=512.14963pt
* \textheight=759.6886pt
* \oddsidemargin=-29.59087pt
* \evensidemargin=-29.59087pt
* \topmargin=-66.59087pt
* \headheight=12.0pt
* \headsep=25.0pt
* \topskip=12.0pt
* \footskip=30.0pt
* \marginparwidth=44.0pt
* \marginparsep=10.0pt
* \columnsep=10.0pt
* \skip\footins=10.8pt plus 4.0pt minus 2.0pt
* \hoffset=0.0pt
* \voffset=0.0pt
* \mag=1000
* \@twocolumnfalse
* \@twosidefalse
* \@mparswitchfalse
* \@reversemarginfalse
* (1in=72.27pt=25.4mm, 1cm=28.453pt)

LaTeX Font Info:    Font shape `OT1/ppl/bx/n' in size <12> not available
(Font)              Font shape `OT1/ppl/b/n' tried instead on input line 102.
LaTeX Font Info:    Font shape `OT1/ppl/bx/n' in size <17.28> not available
(Font)              Font shape `OT1/ppl/b/n' tried instead on input line 102.
LaTeX Font Info:    Font shape `OT1/ppl/bx/n' in size <14.4> not available
(Font)              Font shape `OT1/ppl/b/n' tried instead on input line 108.

Underfull \hbox (badness 10000) in paragraph at lines 110--111

 []

LaTeX Font Info:    Try loading font information for OML+zplm on input line 111
.
(/usr/local/texlive/2018/texmf-dist/tex/latex/psnfss/omlzplm.fd
File: omlzplm.fd 2002/09/08 Fontinst v1.914 font definitions for OML/zplm.
)
LaTeX Font Info:    Try loading font information for OMS+zplm on input line 111
.

(/usr/local/texlive/2018/texmf-dist/tex/latex/psnfss/omszplm.fd
File: omszplm.fd 2002/09/08 Fontinst v1.914 font definitions for OMS/zplm.
)
LaTeX Font Info:    Try loading font information for OMX+zplm on input line 111
.

(/usr/local/texlive/2018/texmf-dist/tex/latex/psnfss/omxzplm.fd
File: omxzplm.fd 2002/09/08 Fontinst v1.914 font definitions for OMX/zplm.
)
LaTeX Font Info:    Try loading font information for OT1+zplm on input line 111
.

(/usr/local/texlive/2018/texmf-dist/tex/latex/psnfss/ot1zplm.fd
File: ot1zplm.fd 2002/09/08 Fontinst v1.914 font definitions for OT1/zplm.
)
LaTeX Font Info:    Font shape `U/msa/m/n' will be
(Font)              scaled to size 12.50409pt on input line 111.
LaTeX Font Info:    Font shape `U/msa/m/n' will be
(Font)              scaled to size 9.37807pt on input line 111.
LaTeX Font Info:    Font shape `U/msa/m/n' will be
(Font)              scaled to size 7.29405pt on input line 111.
LaTeX Font Info:    Font shape `U/msb/m/n' will be
(Font)              scaled to size 12.50409pt on input line 111.
LaTeX Font Info:    Font shape `U/msb/m/n' will be
(Font)              scaled to size 9.37807pt on input line 111.
LaTeX Font Info:    Font shape `U/msb/m/n' will be
(Font)              scaled to size 7.29405pt on input line 111.


Package xcolor Warning: Incompatible color definition on input line 117.

LaTeX Font Info:    Font shape `OT1/cmtt/bx/n' in size <12> not available
(Font)              Font shape `OT1/cmtt/m/n' tried instead on input line 119.
LaTeX Font Info:    Try loading font information for OMS+cmtt on input line 122
.
(/Users/kris/anaconda3/lib/R/share/texmf/tex/latex/omscmtt.fd
File: omscmtt.fd 
)
LaTeX Font Info:    Font shape `OMS/cmtt/m/n' in size <12> not available
(Font)              Font shape `OMS/cmsy/m/n' tried instead on input line 122.

Overfull \hbox (0.37563pt too wide) in paragraph at lines 155--155
[]    []\OT1/cmtt/m/n/12 results[] []=[] []rbind[][](results[[][]1[][]:[][]seg,
],[] []list[][](chr, L[][]-[][]init, new_cn), results[[][]-[][]([][]1[][]:[][]s
eg),])[][] 
 []


Package xcolor Warning: Incompatible color definition on input line 186.


Package xcolor Warning: Incompatible color definition on input line 186.


Package xcolor Warning: Incompatible color definition on input line 186.

[1

{/usr/local/texlive/2018/texmf-var/fonts/map/pdftex/updmap/pdftex.map}]

Package xcolor Warning: Incompatible color definition on input line 186.


Package xcolor Warning: Incompatible color definition on input line 186.


Underfull \hbox (badness 10000) in paragraph at lines 188--189

 []


Package xcolor Warning: Incompatible color definition on input line 190.


Package xcolor Warning: Incompatible color definition on input line 203.


Package xcolor Warning: Incompatible color definition on input line 203.


Package xcolor Warning: Incompatible color definition on input line 203.

[2]

Package xcolor Warning: Incompatible color definition on input line 203.


Package xcolor Warning: Incompatible color definition on input line 203.


Package xcolor Warning: Incompatible color definition on input line 232.


Overfull \hbox (0.20064pt too wide) in paragraph at lines 253--253
[][]\OT1/cmtt/m/n/12 sim_more_cnvs[] []=[] []function[][]([][]cnvs[] []=[] []c[
][]([][]3[][],[][]10[][],[][]25[][],[][]100[][],[][]200[][]),[] []n_change[][]=
[][]1[][],[] []noise[][]=[][]0[][],[] []ploidy[][]=[][]2[][])\OMS/cmsy/m/n/12 f
[][] 
 []

[3]

Package xcolor Warning: Incompatible color definition on input line 273.

<figure/unnamed-chunk-5-1.pdf, id=28, 505.89pt x 361.35pt>
File: figure/unnamed-chunk-5-1.pdf Graphic file (type pdf)
<use figure/unnamed-chunk-5-1.pdf>
Package pdftex.def Info: figure/unnamed-chunk-5-1.pdf  used on input line 278.
(pdftex.def)             Requested size: 486.54057pt x 347.53717pt.
[4 <./figure/unnamed-chunk-5-1.pdf>]

Package xcolor Warning: Incompatible color definition on input line 293.

<figure/unnamed-chunk-6-1.pdf, id=40, 505.89pt x 361.35pt>
File: figure/unnamed-chunk-6-1.pdf Graphic file (type pdf)
<use figure/unnamed-chunk-6-1.pdf>
Package pdftex.def Info: figure/unnamed-chunk-6-1.pdf  used on input line 298.
(pdftex.def)             Requested size: 486.54057pt x 347.53717pt.
[5 <./figure/unnamed-chunk-6-1.pdf>]

Package xcolor Warning: Incompatible color definition on input line 314.

<figure/unnamed-chunk-7-1.pdf, id=52, 505.89pt x 361.35pt>
File: figure/unnamed-chunk-7-1.pdf Graphic file (type pdf)
<use figure/unnamed-chunk-7-1.pdf>
Package pdftex.def Info: figure/unnamed-chunk-7-1.pdf  used on input line 319.
(pdftex.def)             Requested size: 486.54057pt x 347.53717pt.
[6 <./figure/unnamed-chunk-7-1.pdf>]

Package xcolor Warning: Incompatible color definition on input line 338.


Overfull \hbox (1.28151pt too wide) in paragraph at lines 369--369
[]    []\OT1/cmtt/m/n/12 scale_factors[] []=[] []seq[][]([] []0.5[][],[] []6[][
],[] []l[][]=[][]1101[] [])[] []\OT1/cmtt/m/it/12 #go from .5ploid to hexaaploi
d reference[][] 
 []

[7] [8]

Package xcolor Warning: Incompatible color definition on input line 412.

<figure/unnamed-chunk-9-1.pdf, id=74, 505.89pt x 361.35pt>
File: figure/unnamed-chunk-9-1.pdf Graphic file (type pdf)
<use figure/unnamed-chunk-9-1.pdf>
Package pdftex.def Info: figure/unnamed-chunk-9-1.pdf  used on input line 423.
(pdftex.def)             Requested size: 486.54057pt x 347.53717pt.
[9 <./figure/unnamed-chunk-9-1.pdf>]

Package xcolor Warning: Incompatible color definition on input line 451.

<figure/unnamed-chunk-10-1.pdf, id=88, 505.89pt x 216.81pt>
File: figure/unnamed-chunk-10-1.pdf Graphic file (type pdf)
<use figure/unnamed-chunk-10-1.pdf>
Package pdftex.def Info: figure/unnamed-chunk-10-1.pdf  used on input line 463.

(pdftex.def)             Requested size: 486.54057pt x 208.5223pt.
[10 <./figure/unnamed-chunk-10-1.pdf>]

Package xcolor Warning: Incompatible color definition on input line 479.

<figure/unnamed-chunk-11-1.pdf, id=103, 505.89pt x 216.81pt>
File: figure/unnamed-chunk-11-1.pdf Graphic file (type pdf)
<use figure/unnamed-chunk-11-1.pdf>
Package pdftex.def Info: figure/unnamed-chunk-11-1.pdf  used on input line 491.

(pdftex.def)             Requested size: 486.54057pt x 208.5223pt.
[11 <./figure/unnamed-chunk-11-1.pdf>]

Package xcolor Warning: Incompatible color definition on input line 506.

<figure/unnamed-chunk-12-1.pdf, id=116, 505.89pt x 216.81pt>
File: figure/unnamed-chunk-12-1.pdf Graphic file (type pdf)
<use figure/unnamed-chunk-12-1.pdf>
Package pdftex.def Info: figure/unnamed-chunk-12-1.pdf  used on input line 518.

(pdftex.def)             Requested size: 486.54057pt x 208.5223pt.
[12 <./figure/unnamed-chunk-12-1.pdf>]

Package xcolor Warning: Incompatible color definition on input line 541.


Package xcolor Warning: Incompatible color definition on input line 554.

<figure/unnamed-chunk-15-1.pdf, id=127, 505.89pt x 216.81pt>
File: figure/unnamed-chunk-15-1.pdf Graphic file (type pdf)
<use figure/unnamed-chunk-15-1.pdf>
Package pdftex.def Info: figure/unnamed-chunk-15-1.pdf  used on input line 559.

(pdftex.def)             Requested size: 486.54057pt x 208.5223pt.
[13 <./figure/unnamed-chunk-15-1.pdf>]

Package xcolor Warning: Incompatible color definition on input line 577.

<figure/unnamed-chunk-16-1.pdf, id=140, 505.89pt x 216.81pt>
File: figure/unnamed-chunk-16-1.pdf Graphic file (type pdf)
<use figure/unnamed-chunk-16-1.pdf>
Package pdftex.def Info: figure/unnamed-chunk-16-1.pdf  used on input line 582.

(pdftex.def)             Requested size: 486.54057pt x 208.5223pt.

Package xcolor Warning: Incompatible color definition on input line 597.

<figure/unnamed-chunk-17-1.pdf, id=141, 505.89pt x 216.81pt>
File: figure/unnamed-chunk-17-1.pdf Graphic file (type pdf)
<use figure/unnamed-chunk-17-1.pdf>
Package pdftex.def Info: figure/unnamed-chunk-17-1.pdf  used on input line 602.

(pdftex.def)             Requested size: 486.54057pt x 208.5223pt.
[14 <./figure/unnamed-chunk-16-1.pdf> <./figure/unnamed-chunk-17-1.pdf>]

Package xcolor Warning: Incompatible color definition on input line 617.

<figure/unnamed-chunk-18-1.pdf, id=161, 505.89pt x 216.81pt>
File: figure/unnamed-chunk-18-1.pdf Graphic file (type pdf)
<use figure/unnamed-chunk-18-1.pdf>
Package pdftex.def Info: figure/unnamed-chunk-18-1.pdf  used on input line 622.

(pdftex.def)             Requested size: 486.54057pt x 208.5223pt.
[15 <./figure/unnamed-chunk-18-1.pdf>]

Package xcolor Warning: Incompatible color definition on input line 639.

<figure/unnamed-chunk-19-1.pdf, id=173, 505.89pt x 216.81pt>
File: figure/unnamed-chunk-19-1.pdf Graphic file (type pdf)
<use figure/unnamed-chunk-19-1.pdf>
Package pdftex.def Info: figure/unnamed-chunk-19-1.pdf  used on input line 644.

(pdftex.def)             Requested size: 486.54057pt x 208.5223pt.

Underfull \hbox (badness 10000) in paragraph at lines 654--655

 []


Underfull \hbox (badness 10000) in paragraph at lines 656--657

 []


Package xcolor Warning: Incompatible color definition on input line 661.

<figure/unnamed-chunk-20-1.pdf, id=176, 505.89pt x 216.81pt>
File: figure/unnamed-chunk-20-1.pdf Graphic file (type pdf)
<use figure/unnamed-chunk-20-1.pdf>
Package pdftex.def Info: figure/unnamed-chunk-20-1.pdf  used on input line 666.

(pdftex.def)             Requested size: 486.54057pt x 208.5223pt.

LaTeX Warning: `!h' float specifier changed to `!ht'.


Package xcolor Warning: Incompatible color definition on input line 679.

<figure/unnamed-chunk-21-1.pdf, id=177, 505.89pt x 216.81pt>
File: figure/unnamed-chunk-21-1.pdf Graphic file (type pdf)
<use figure/unnamed-chunk-21-1.pdf>
Package pdftex.def Info: figure/unnamed-chunk-21-1.pdf  used on input line 684.

(pdftex.def)             Requested size: 486.54057pt x 208.5223pt.

LaTeX Warning: `!h' float specifier changed to `!ht'.


Underfull \hbox (badness 10000) in paragraph at lines 694--695

 []

[16 <./figure/unnamed-chunk-19-1.pdf>]

Package xcolor Warning: Incompatible color definition on input line 705.

[17 <./figure/unnamed-chunk-20-1.pdf> <./figure/unnamed-chunk-21-1.pdf>]
Overfull \hbox (2.60579pt too wide) in paragraph at lines 726--726
[]    []\OT1/cmtt/m/n/12 if[] [](seg[[][]1[][],[][]^^Mstart^^M[][]][] []!=[] []
1[][])\OMS/cmsy/m/n/12 f[] []\OT1/cmtt/m/it/12 #if we don^^Mt have data for beg
inning of chr1, add NA[][] 
 []


Underfull \vbox (badness 10000) detected at line 842
 []


Underfull \vbox (badness 10000) detected at line 842
 []

[18]
Underfull \vbox (badness 10000) detected at line 842
 []


Overfull \vbox (1.8114pt too high) detected at line 842
 []

[19]
Package atveryend Info: Empty hook `BeforeClearDocument' on input line 846.
 [20]
Package atveryend Info: Empty hook `AfterLastShipout' on input line 846.
 (./fga2_303039534.aux)
Package atveryend Info: Executing hook `AtVeryEndDocument' on input line 846.
Package atveryend Info: Executing hook `AtEndAfterFileList' on input line 846.
Package rerunfilecheck Info: File `fga2_303039534.out' has not changed.
(rerunfilecheck)             Checksum: D41D8CD98F00B204E9800998ECF8427E;0.
Package atveryend Info: Empty hook `AtVeryVeryEnd' on input line 846.
 ) 
Here is how much of TeX's memory you used:
 10808 strings out of 492649
 149479 string characters out of 6129622
 286242 words of memory out of 5000000
 14525 multiletter control sequences out of 15000+600000
 20792 words of font info for 63 fonts, out of 8000000 for 9000
 1141 hyphenation exceptions out of 8191
 28i,8n,35p,1271b,384s stack positions out of 5000i,500n,10000p,200000b,80000s
{/usr/local/texlive/2018/texmf-dist/fonts/enc/dvips/base/8r.enc}</usr/local/t
exlive/2018/texmf-dist/fonts/type1/public/amsfonts/cm/cmex10.pfb></usr/local/te
xlive/2018/texmf-dist/fonts/type1/public/amsfonts/cm/cmitt10.pfb></usr/local/te
xlive/2018/texmf-dist/fonts/type1/public/amsfonts/cm/cmr10.pfb></usr/local/texl
ive/2018/texmf-dist/fonts/type1/public/amsfonts/cm/cmsy10.pfb></usr/local/texli
ve/2018/texmf-dist/fonts/type1/public/amsfonts/cm/cmtt12.pfb></usr/local/texliv
e/2018/texmf-dist/fonts/type1/public/mathpazo/fplmr.pfb></usr/local/texlive/201
8/texmf-dist/fonts/type1/public/mathpazo/fplmri.pfb></usr/local/texlive/2018/te
xmf-dist/fonts/type1/urw/palatino/uplb8a.pfb></usr/local/texlive/2018/texmf-dis
t/fonts/type1/urw/palatino/uplr8a.pfb></usr/local/texlive/2018/texmf-dist/fonts
/type1/urw/palatino/uplri8a.pfb>
Output written on fga2_303039534.pdf (20 pages, 378376 bytes).
PDF statistics:
 262 PDF objects out of 1000 (max. 8388607)
 200 compressed objects within 2 object streams
 36 named destinations out of 1000 (max. 500000)
 71 words of extra memory for PDF output out of 10000 (max. 10000000)

